{"/Users/deanma/FEC/imageCarousel/client/src/index.jsx": {"path":"/Users/deanma/FEC/imageCarousel/client/src/index.jsx","statementMap":{"0":{"start":{"line":6,"column":0},"end":{"line":6,"column":57}}},"fnMap":{},"branchMap":{},"s":{"0":0},"f":{},"b":{}}
,"/Users/deanma/FEC/imageCarousel/client/src/components/App.jsx": {"path":"/Users/deanma/FEC/imageCarousel/client/src/components/App.jsx","statementMap":{"0":{"start":{"line":6,"column":12},"end":{"line":65,"column":1}},"1":{"start":{"line":7,"column":40},"end":{"line":7,"column":55}},"2":{"start":{"line":8,"column":44},"end":{"line":8,"column":56}},"3":{"start":{"line":9,"column":38},"end":{"line":12,"column":4}},"4":{"start":{"line":14,"column":24},"end":{"line":19,"column":3}},"5":{"start":{"line":15,"column":4},"end":{"line":18,"column":7}},"6":{"start":{"line":21,"column":28},"end":{"line":23,"column":3}},"7":{"start":{"line":22,"column":4},"end":{"line":22,"column":25}},"8":{"start":{"line":25,"column":2},"end":{"line":29,"column":5}},"9":{"start":{"line":26,"column":4},"end":{"line":26,"column":53}},"10":{"start":{"line":28,"column":4},"end":{"line":28,"column":69}},"11":{"start":{"line":28,"column":17},"end":{"line":28,"column":68}},"12":{"start":{"line":32,"column":20},"end":{"line":42,"column":3}},"13":{"start":{"line":33,"column":16},"end":{"line":33,"column":53}},"14":{"start":{"line":35,"column":4},"end":{"line":41,"column":9}},"15":{"start":{"line":37,"column":8},"end":{"line":37,"column":34}},"16":{"start":{"line":40,"column":8},"end":{"line":40,"column":27}},"17":{"start":{"line":45,"column":2},"end":{"line":47,"column":9}},"18":{"start":{"line":46,"column":4},"end":{"line":46,"column":18}},"19":{"start":{"line":49,"column":2},"end":{"line":49,"column":29}},"20":{"start":{"line":50,"column":2},"end":{"line":50,"column":26}},"21":{"start":{"line":52,"column":16},"end":{"line":52,"column":33}},"22":{"start":{"line":53,"column":2},"end":{"line":63,"column":3}},"23":{"start":{"line":54,"column":4},"end":{"line":62,"column":6}},"24":{"start":{"line":64,"column":2},"end":{"line":64,"column":17}}},"fnMap":{"0":{"name":"(anonymous_0)","decl":{"start":{"line":6,"column":12},"end":{"line":6,"column":13}},"loc":{"start":{"line":6,"column":18},"end":{"line":65,"column":1}},"line":6},"1":{"name":"(anonymous_1)","decl":{"start":{"line":14,"column":24},"end":{"line":14,"column":25}},"loc":{"start":{"line":14,"column":30},"end":{"line":19,"column":3}},"line":14},"2":{"name":"(anonymous_2)","decl":{"start":{"line":21,"column":28},"end":{"line":21,"column":29}},"loc":{"start":{"line":21,"column":38},"end":{"line":23,"column":3}},"line":21},"3":{"name":"(anonymous_3)","decl":{"start":{"line":25,"column":12},"end":{"line":25,"column":13}},"loc":{"start":{"line":25,"column":18},"end":{"line":29,"column":3}},"line":25},"4":{"name":"(anonymous_4)","decl":{"start":{"line":28,"column":11},"end":{"line":28,"column":12}},"loc":{"start":{"line":28,"column":17},"end":{"line":28,"column":68}},"line":28},"5":{"name":"(anonymous_5)","decl":{"start":{"line":32,"column":20},"end":{"line":32,"column":21}},"loc":{"start":{"line":32,"column":28},"end":{"line":42,"column":3}},"line":32},"6":{"name":"(anonymous_6)","decl":{"start":{"line":36,"column":12},"end":{"line":36,"column":13}},"loc":{"start":{"line":36,"column":26},"end":{"line":38,"column":7}},"line":36},"7":{"name":"(anonymous_7)","decl":{"start":{"line":39,"column":13},"end":{"line":39,"column":14}},"loc":{"start":{"line":39,"column":24},"end":{"line":41,"column":7}},"line":39},"8":{"name":"(anonymous_8)","decl":{"start":{"line":45,"column":12},"end":{"line":45,"column":13}},"loc":{"start":{"line":45,"column":18},"end":{"line":47,"column":3}},"line":45}},"branchMap":{"0":{"loc":{"start":{"line":53,"column":2},"end":{"line":63,"column":3}},"type":"if","locations":[{"start":{"line":53,"column":2},"end":{"line":63,"column":3}},{"start":{"line":53,"column":2},"end":{"line":63,"column":3}}],"line":53},"1":{"loc":{"start":{"line":53,"column":6},"end":{"line":53,"column":76}},"type":"binary-expr","locations":[{"start":{"line":53,"column":6},"end":{"line":53,"column":18}},{"start":{"line":53,"column":22},"end":{"line":53,"column":35}},{"start":{"line":53,"column":39},"end":{"line":53,"column":76}}],"line":53}},"s":{"0":1,"1":1,"2":1,"3":1,"4":1,"5":0,"6":1,"7":0,"8":1,"9":1,"10":1,"11":0,"12":1,"13":1,"14":1,"15":0,"16":0,"17":1,"18":1,"19":1,"20":1,"21":1,"22":1,"23":0,"24":1},"f":{"0":1,"1":0,"2":0,"3":1,"4":0,"5":1,"6":0,"7":0,"8":1},"b":{"0":[0,1],"1":[1,1,1]},"_coverageSchema":"1a1c01bbd47fc00a2c39e90264f33305004495a9","hash":"8ce07059d3841c49935f65fe448e1badf7a55eca"}
,"/Users/deanma/FEC/imageCarousel/client/src/components/AppTodo.jsx": {"path":"/Users/deanma/FEC/imageCarousel/client/src/components/AppTodo.jsx","statementMap":{"0":{"start":{"line":5,"column":4},"end":{"line":5,"column":17}},"1":{"start":{"line":7,"column":4},"end":{"line":9,"column":6}},"2":{"start":{"line":10,"column":4},"end":{"line":10,"column":59}},"3":{"start":{"line":11,"column":4},"end":{"line":11,"column":59}},"4":{"start":{"line":15,"column":28},"end":{"line":15,"column":34}},"5":{"start":{"line":17,"column":4},"end":{"line":19,"column":7}},"6":{"start":{"line":23,"column":4},"end":{"line":23,"column":23}},"7":{"start":{"line":24,"column":27},"end":{"line":24,"column":37}},"8":{"start":{"line":25,"column":21},"end":{"line":25,"column":31}},"9":{"start":{"line":26,"column":4},"end":{"line":26,"column":21}},"10":{"start":{"line":27,"column":4},"end":{"line":27,"column":33}},"11":{"start":{"line":31,"column":4},"end":{"line":33,"column":7}},"12":{"start":{"line":37,"column":21},"end":{"line":37,"column":31}},"13":{"start":{"line":38,"column":4},"end":{"line":59,"column":6}}},"fnMap":{"0":{"name":"(anonymous_0)","decl":{"start":{"line":4,"column":2},"end":{"line":4,"column":3}},"loc":{"start":{"line":4,"column":21},"end":{"line":12,"column":3}},"line":4},"1":{"name":"(anonymous_1)","decl":{"start":{"line":14,"column":2},"end":{"line":14,"column":3}},"loc":{"start":{"line":14,"column":30},"end":{"line":20,"column":3}},"line":14},"2":{"name":"(anonymous_2)","decl":{"start":{"line":22,"column":2},"end":{"line":22,"column":3}},"loc":{"start":{"line":22,"column":21},"end":{"line":28,"column":3}},"line":22},"3":{"name":"(anonymous_3)","decl":{"start":{"line":30,"column":2},"end":{"line":30,"column":3}},"loc":{"start":{"line":30,"column":26},"end":{"line":34,"column":3}},"line":30},"4":{"name":"(anonymous_4)","decl":{"start":{"line":36,"column":2},"end":{"line":36,"column":3}},"loc":{"start":{"line":36,"column":11},"end":{"line":60,"column":3}},"line":36}},"branchMap":{},"s":{"0":0,"1":0,"2":0,"3":0,"4":0,"5":0,"6":0,"7":0,"8":0,"9":0,"10":0,"11":0,"12":0,"13":0},"f":{"0":0,"1":0,"2":0,"3":0,"4":0},"b":{}}
,"/Users/deanma/FEC/imageCarousel/client/src/components/AppTodotest.jsx": {"path":"/Users/deanma/FEC/imageCarousel/client/src/components/AppTodotest.jsx","statementMap":{"0":{"start":{"line":6,"column":27},"end":{"line":14,"column":1}},"1":{"start":{"line":7,"column":2},"end":{"line":13,"column":4}},"2":{"start":{"line":16,"column":0},"end":{"line":52,"column":3}},"3":{"start":{"line":17,"column":2},"end":{"line":23,"column":5}},"4":{"start":{"line":18,"column":4},"end":{"line":22,"column":7}},"5":{"start":{"line":19,"column":22},"end":{"line":19,"column":65}},"6":{"start":{"line":21,"column":6},"end":{"line":21,"column":51}},"7":{"start":{"line":25,"column":2},"end":{"line":51,"column":5}},"8":{"start":{"line":26,"column":4},"end":{"line":40,"column":7}},"9":{"start":{"line":27,"column":6},"end":{"line":34,"column":9}},"10":{"start":{"line":28,"column":34},"end":{"line":28,"column":43}},"11":{"start":{"line":29,"column":24},"end":{"line":29,"column":67}},"12":{"start":{"line":30,"column":8},"end":{"line":30,"column":63}},"13":{"start":{"line":31,"column":8},"end":{"line":31,"column":41}},"14":{"start":{"line":32,"column":8},"end":{"line":32,"column":49}},"15":{"start":{"line":33,"column":8},"end":{"line":33,"column":53}},"16":{"start":{"line":35,"column":6},"end":{"line":39,"column":9}},"17":{"start":{"line":36,"column":24},"end":{"line":36,"column":67}},"18":{"start":{"line":37,"column":8},"end":{"line":37,"column":74}},"19":{"start":{"line":38,"column":8},"end":{"line":38,"column":56}},"20":{"start":{"line":41,"column":4},"end":{"line":50,"column":7}},"21":{"start":{"line":42,"column":6},"end":{"line":49,"column":8}},"22":{"start":{"line":43,"column":34},"end":{"line":43,"column":43}},"23":{"start":{"line":44,"column":24},"end":{"line":44,"column":67}},"24":{"start":{"line":45,"column":8},"end":{"line":45,"column":63}},"25":{"start":{"line":46,"column":8},"end":{"line":46,"column":41}},"26":{"start":{"line":47,"column":8},"end":{"line":47,"column":48}},"27":{"start":{"line":48,"column":8},"end":{"line":48,"column":53}}},"fnMap":{"0":{"name":"(anonymous_0)","decl":{"start":{"line":6,"column":27},"end":{"line":6,"column":28}},"loc":{"start":{"line":6,"column":36},"end":{"line":14,"column":1}},"line":6},"1":{"name":"(anonymous_1)","decl":{"start":{"line":12,"column":20},"end":{"line":12,"column":21}},"loc":{"start":{"line":12,"column":26},"end":{"line":12,"column":29}},"line":12},"2":{"name":"(anonymous_2)","decl":{"start":{"line":16,"column":23},"end":{"line":16,"column":24}},"loc":{"start":{"line":16,"column":29},"end":{"line":52,"column":1}},"line":16},"3":{"name":"(anonymous_3)","decl":{"start":{"line":17,"column":27},"end":{"line":17,"column":28}},"loc":{"start":{"line":17,"column":33},"end":{"line":23,"column":3}},"line":17},"4":{"name":"(anonymous_4)","decl":{"start":{"line":18,"column":36},"end":{"line":18,"column":37}},"loc":{"start":{"line":18,"column":42},"end":{"line":22,"column":5}},"line":18},"5":{"name":"(anonymous_5)","decl":{"start":{"line":19,"column":51},"end":{"line":19,"column":52}},"loc":{"start":{"line":19,"column":57},"end":{"line":19,"column":60}},"line":19},"6":{"name":"(anonymous_6)","decl":{"start":{"line":25,"column":37},"end":{"line":25,"column":38}},"loc":{"start":{"line":25,"column":43},"end":{"line":51,"column":3}},"line":25},"7":{"name":"(anonymous_7)","decl":{"start":{"line":26,"column":32},"end":{"line":26,"column":33}},"loc":{"start":{"line":26,"column":38},"end":{"line":40,"column":5}},"line":26},"8":{"name":"(anonymous_8)","decl":{"start":{"line":27,"column":81},"end":{"line":27,"column":82}},"loc":{"start":{"line":27,"column":87},"end":{"line":34,"column":7}},"line":27},"9":{"name":"(anonymous_9)","decl":{"start":{"line":29,"column":53},"end":{"line":29,"column":54}},"loc":{"start":{"line":29,"column":59},"end":{"line":29,"column":62}},"line":29},"10":{"name":"(anonymous_10)","decl":{"start":{"line":35,"column":82},"end":{"line":35,"column":83}},"loc":{"start":{"line":35,"column":88},"end":{"line":39,"column":7}},"line":35},"11":{"name":"(anonymous_11)","decl":{"start":{"line":36,"column":53},"end":{"line":36,"column":54}},"loc":{"start":{"line":36,"column":59},"end":{"line":36,"column":62}},"line":36},"12":{"name":"(anonymous_12)","decl":{"start":{"line":41,"column":32},"end":{"line":41,"column":33}},"loc":{"start":{"line":41,"column":38},"end":{"line":50,"column":5}},"line":41},"13":{"name":"(anonymous_13)","decl":{"start":{"line":42,"column":81},"end":{"line":42,"column":82}},"loc":{"start":{"line":42,"column":87},"end":{"line":49,"column":7}},"line":42},"14":{"name":"(anonymous_14)","decl":{"start":{"line":44,"column":53},"end":{"line":44,"column":54}},"loc":{"start":{"line":44,"column":59},"end":{"line":44,"column":62}},"line":44}},"branchMap":{},"s":{"0":0,"1":0,"2":0,"3":0,"4":0,"5":0,"6":0,"7":0,"8":0,"9":0,"10":0,"11":0,"12":0,"13":0,"14":0,"15":0,"16":0,"17":0,"18":0,"19":0,"20":0,"21":0,"22":0,"23":0,"24":0,"25":0,"26":0,"27":0},"f":{"0":0,"1":0,"2":0,"3":0,"4":0,"5":0,"6":0,"7":0,"8":0,"9":0,"10":0,"11":0,"12":0,"13":0,"14":0},"b":{}}
,"/Users/deanma/FEC/imageCarousel/client/src/components/ImageHeader.jsx": {"path":"/Users/deanma/FEC/imageCarousel/client/src/components/ImageHeader.jsx","statementMap":{"0":{"start":{"line":9,"column":20},"end":{"line":85,"column":1}},"1":{"start":{"line":10,"column":42},"end":{"line":10,"column":56}},"2":{"start":{"line":12,"column":20},"end":{"line":12,"column":91}},"3":{"start":{"line":13,"column":23},"end":{"line":13,"column":122}},"4":{"start":{"line":14,"column":23},"end":{"line":14,"column":122}},"5":{"start":{"line":15,"column":23},"end":{"line":15,"column":122}},"6":{"start":{"line":16,"column":23},"end":{"line":16,"column":122}},"7":{"start":{"line":18,"column":28},"end":{"line":20,"column":3}},"8":{"start":{"line":19,"column":4},"end":{"line":19,"column":35}},"9":{"start":{"line":22,"column":27},"end":{"line":24,"column":3}},"10":{"start":{"line":23,"column":4},"end":{"line":23,"column":26}},"11":{"start":{"line":26,"column":2},"end":{"line":26,"column":28}},"12":{"start":{"line":29,"column":4},"end":{"line":81,"column":7}},"13":{"start":{"line":84,"column":2},"end":{"line":84,"column":17}}},"fnMap":{"0":{"name":"(anonymous_0)","decl":{"start":{"line":9,"column":20},"end":{"line":9,"column":21}},"loc":{"start":{"line":9,"column":52},"end":{"line":85,"column":1}},"line":9},"1":{"name":"(anonymous_1)","decl":{"start":{"line":18,"column":28},"end":{"line":18,"column":29}},"loc":{"start":{"line":18,"column":35},"end":{"line":20,"column":3}},"line":18},"2":{"name":"(anonymous_2)","decl":{"start":{"line":22,"column":27},"end":{"line":22,"column":28}},"loc":{"start":{"line":22,"column":33},"end":{"line":24,"column":3}},"line":22}},"branchMap":{},"s":{"0":1,"1":0,"2":0,"3":0,"4":0,"5":0,"6":0,"7":0,"8":0,"9":0,"10":0,"11":0,"12":0,"13":0},"f":{"0":0,"1":0,"2":0},"b":{},"_coverageSchema":"1a1c01bbd47fc00a2c39e90264f33305004495a9","hash":"2b68608aeafe57da28d036c6113886396229d39f"}
,"/Users/deanma/FEC/imageCarousel/client/src/components/MinImageHeader.jsx": {"path":"/Users/deanma/FEC/imageCarousel/client/src/components/MinImageHeader.jsx","statementMap":{"0":{"start":{"line":9,"column":23},"end":{"line":32,"column":1}},"1":{"start":{"line":12,"column":4},"end":{"line":28,"column":7}},"2":{"start":{"line":31,"column":2},"end":{"line":31,"column":17}}},"fnMap":{"0":{"name":"(anonymous_0)","decl":{"start":{"line":9,"column":23},"end":{"line":9,"column":24}},"loc":{"start":{"line":9,"column":43},"end":{"line":32,"column":1}},"line":9}},"branchMap":{},"s":{"0":1,"1":0,"2":0},"f":{"0":0},"b":{},"_coverageSchema":"1a1c01bbd47fc00a2c39e90264f33305004495a9","hash":"daa299cc9e1481c6ecb1f339256c739c59a0addd"}
,"/Users/deanma/FEC/imageCarousel/client/src/components/WelcomeMessage.jsx": {"path":"/Users/deanma/FEC/imageCarousel/client/src/components/WelcomeMessage.jsx","statementMap":{"0":{"start":{"line":3,"column":15},"end":{"line":14,"column":1}},"1":{"start":{"line":16,"column":23},"end":{"line":25,"column":1}},"2":{"start":{"line":17,"column":2},"end":{"line":24,"column":4}}},"fnMap":{"0":{"name":"(anonymous_0)","decl":{"start":{"line":16,"column":23},"end":{"line":16,"column":24}},"loc":{"start":{"line":16,"column":40},"end":{"line":25,"column":1}},"line":16}},"branchMap":{},"s":{"0":0,"1":0,"2":0},"f":{"0":0},"b":{}}
,"/Users/deanma/FEC/imageCarousel/client/src/components/WelcomeMessagetest.jsx": {"path":"/Users/deanma/FEC/imageCarousel/client/src/components/WelcomeMessagetest.jsx","statementMap":{"0":{"start":{"line":8,"column":16},"end":{"line":10,"column":3}},"1":{"start":{"line":11,"column":18},"end":{"line":11,"column":45}},"2":{"start":{"line":12,"column":2},"end":{"line":12,"column":28}},"3":{"start":{"line":15,"column":0},"end":{"line":20,"column":3}},"4":{"start":{"line":16,"column":2},"end":{"line":19,"column":5}},"5":{"start":{"line":17,"column":24},"end":{"line":17,"column":31}},"6":{"start":{"line":18,"column":4},"end":{"line":18,"column":52}}},"fnMap":{"0":{"name":"setup","decl":{"start":{"line":7,"column":9},"end":{"line":7,"column":14}},"loc":{"start":{"line":7,"column":17},"end":{"line":13,"column":1}},"line":7},"1":{"name":"(anonymous_1)","decl":{"start":{"line":15,"column":38},"end":{"line":15,"column":39}},"loc":{"start":{"line":15,"column":44},"end":{"line":20,"column":1}},"line":15},"2":{"name":"(anonymous_2)","decl":{"start":{"line":16,"column":29},"end":{"line":16,"column":30}},"loc":{"start":{"line":16,"column":35},"end":{"line":19,"column":3}},"line":16}},"branchMap":{},"s":{"0":0,"1":0,"2":0,"3":0,"4":0,"5":0,"6":0},"f":{"0":0,"1":0,"2":0},"b":{}}
,"/Users/deanma/FEC/imageCarousel/client/src/elements/bigImage.js": {"path":"/Users/deanma/FEC/imageCarousel/client/src/elements/bigImage.js","statementMap":{"0":{"start":{"line":3,"column":20},"end":{"line":7,"column":1}},"1":{"start":{"line":4,"column":2},"end":{"line":6,"column":5}},"2":{"start":{"line":9,"column":17},"end":{"line":21,"column":1}},"3":{"start":{"line":19,"column":32},"end":{"line":19,"column":90}},"4":{"start":{"line":20,"column":32},"end":{"line":20,"column":109}}},"fnMap":{"0":{"name":"(anonymous_0)","decl":{"start":{"line":3,"column":20},"end":{"line":3,"column":21}},"loc":{"start":{"line":3,"column":29},"end":{"line":7,"column":1}},"line":3},"1":{"name":"(anonymous_1)","decl":{"start":{"line":19,"column":4},"end":{"line":19,"column":5}},"loc":{"start":{"line":19,"column":32},"end":{"line":19,"column":90}},"line":19},"2":{"name":"(anonymous_2)","decl":{"start":{"line":20,"column":4},"end":{"line":20,"column":5}},"loc":{"start":{"line":20,"column":32},"end":{"line":20,"column":109}},"line":20}},"branchMap":{"0":{"loc":{"start":{"line":19,"column":32},"end":{"line":19,"column":90}},"type":"cond-expr","locations":[{"start":{"line":19,"column":56},"end":{"line":19,"column":73}},{"start":{"line":19,"column":76},"end":{"line":19,"column":90}}],"line":19},"1":{"loc":{"start":{"line":20,"column":32},"end":{"line":20,"column":109}},"type":"cond-expr","locations":[{"start":{"line":20,"column":81},"end":{"line":20,"column":95}},{"start":{"line":20,"column":98},"end":{"line":20,"column":109}}],"line":20},"2":{"loc":{"start":{"line":20,"column":32},"end":{"line":20,"column":78}},"type":"binary-expr","locations":[{"start":{"line":20,"column":32},"end":{"line":20,"column":53}},{"start":{"line":20,"column":57},"end":{"line":20,"column":78}}],"line":20}},"s":{"0":1,"1":0,"2":1,"3":0,"4":0},"f":{"0":0,"1":0,"2":0},"b":{"0":[0,0],"1":[0,0],"2":[0,0]},"_coverageSchema":"1a1c01bbd47fc00a2c39e90264f33305004495a9","hash":"d5963b9e152c5b1425bdffa88188454800e995e8"}
,"/Users/deanma/FEC/imageCarousel/client/src/elements/bigImageDiv.js": {"path":"/Users/deanma/FEC/imageCarousel/client/src/elements/bigImageDiv.js","statementMap":{"0":{"start":{"line":3,"column":20},"end":{"line":13,"column":1}},"1":{"start":{"line":8,"column":21},"end":{"line":8,"column":31}}},"fnMap":{"0":{"name":"(anonymous_0)","decl":{"start":{"line":8,"column":10},"end":{"line":8,"column":11}},"loc":{"start":{"line":8,"column":21},"end":{"line":8,"column":31}},"line":8}},"branchMap":{},"s":{"0":1,"1":0},"f":{"0":0},"b":{},"_coverageSchema":"1a1c01bbd47fc00a2c39e90264f33305004495a9","hash":"4ab1ff8592ce6f9ec931dd08eb5e27c8c33b20ce"}
,"/Users/deanma/FEC/imageCarousel/client/src/elements/grid.js": {"path":"/Users/deanma/FEC/imageCarousel/client/src/elements/grid.js","statementMap":{"0":{"start":{"line":3,"column":13},"end":{"line":11,"column":1}},"1":{"start":{"line":10,"column":27},"end":{"line":10,"column":54}}},"fnMap":{"0":{"name":"(anonymous_0)","decl":{"start":{"line":10,"column":12},"end":{"line":10,"column":13}},"loc":{"start":{"line":10,"column":27},"end":{"line":10,"column":54}},"line":10}},"branchMap":{},"s":{"0":1,"1":0},"f":{"0":0},"b":{},"_coverageSchema":"1a1c01bbd47fc00a2c39e90264f33305004495a9","hash":"af2c2a5fef96d24d9e927761fde810f9f164177a"}
,"/Users/deanma/FEC/imageCarousel/client/src/elements/row.js": {"path":"/Users/deanma/FEC/imageCarousel/client/src/elements/row.js","statementMap":{"0":{"start":{"line":3,"column":12},"end":{"line":15,"column":1}}},"fnMap":{},"branchMap":{},"s":{"0":1},"f":{},"b":{},"_coverageSchema":"1a1c01bbd47fc00a2c39e90264f33305004495a9","hash":"83eb7eae4c67a70138c0ff338b02a51552a9902c"}
,"/Users/deanma/FEC/imageCarousel/client/src/elements/smallImage.js": {"path":"/Users/deanma/FEC/imageCarousel/client/src/elements/smallImage.js","statementMap":{"0":{"start":{"line":3,"column":22},"end":{"line":7,"column":1}},"1":{"start":{"line":4,"column":2},"end":{"line":6,"column":5}},"2":{"start":{"line":9,"column":19},"end":{"line":20,"column":1}},"3":{"start":{"line":18,"column":32},"end":{"line":18,"column":94}},"4":{"start":{"line":19,"column":32},"end":{"line":19,"column":109}}},"fnMap":{"0":{"name":"(anonymous_0)","decl":{"start":{"line":3,"column":22},"end":{"line":3,"column":23}},"loc":{"start":{"line":3,"column":31},"end":{"line":7,"column":1}},"line":3},"1":{"name":"(anonymous_1)","decl":{"start":{"line":18,"column":4},"end":{"line":18,"column":5}},"loc":{"start":{"line":18,"column":32},"end":{"line":18,"column":94}},"line":18},"2":{"name":"(anonymous_2)","decl":{"start":{"line":19,"column":4},"end":{"line":19,"column":5}},"loc":{"start":{"line":19,"column":32},"end":{"line":19,"column":109}},"line":19}},"branchMap":{"0":{"loc":{"start":{"line":18,"column":32},"end":{"line":18,"column":94}},"type":"cond-expr","locations":[{"start":{"line":18,"column":56},"end":{"line":18,"column":75}},{"start":{"line":18,"column":78},"end":{"line":18,"column":94}}],"line":18},"1":{"loc":{"start":{"line":19,"column":32},"end":{"line":19,"column":109}},"type":"cond-expr","locations":[{"start":{"line":19,"column":81},"end":{"line":19,"column":95}},{"start":{"line":19,"column":98},"end":{"line":19,"column":109}}],"line":19},"2":{"loc":{"start":{"line":19,"column":32},"end":{"line":19,"column":78}},"type":"binary-expr","locations":[{"start":{"line":19,"column":32},"end":{"line":19,"column":53}},{"start":{"line":19,"column":57},"end":{"line":19,"column":78}}],"line":19}},"s":{"0":1,"1":0,"2":1,"3":0,"4":0},"f":{"0":0,"1":0,"2":0},"b":{"0":[0,0],"1":[0,0],"2":[0,0]},"_coverageSchema":"1a1c01bbd47fc00a2c39e90264f33305004495a9","hash":"56c70d7aa42de1dadeaab3847370fc9b485d7229"}
,"/Users/deanma/FEC/imageCarousel/client/src/elements/smallImageDiv.js": {"path":"/Users/deanma/FEC/imageCarousel/client/src/elements/smallImageDiv.js","statementMap":{"0":{"start":{"line":3,"column":14},"end":{"line":14,"column":1}},"1":{"start":{"line":4,"column":21},"end":{"line":8,"column":3}},"2":{"start":{"line":9,"column":22},"end":{"line":13,"column":3}},"3":{"start":{"line":17,"column":22},"end":{"line":25,"column":1}},"4":{"start":{"line":22,"column":15},"end":{"line":22,"column":72}},"5":{"start":{"line":23,"column":21},"end":{"line":23,"column":31}}},"fnMap":{"0":{"name":"(anonymous_0)","decl":{"start":{"line":4,"column":9},"end":{"line":4,"column":10}},"loc":{"start":{"line":4,"column":21},"end":{"line":8,"column":3}},"line":4},"1":{"name":"(anonymous_1)","decl":{"start":{"line":9,"column":10},"end":{"line":9,"column":11}},"loc":{"start":{"line":9,"column":22},"end":{"line":13,"column":3}},"line":9},"2":{"name":"(anonymous_2)","decl":{"start":{"line":22,"column":4},"end":{"line":22,"column":5}},"loc":{"start":{"line":22,"column":15},"end":{"line":22,"column":72}},"line":22},"3":{"name":"(anonymous_3)","decl":{"start":{"line":23,"column":10},"end":{"line":23,"column":11}},"loc":{"start":{"line":23,"column":21},"end":{"line":23,"column":31}},"line":23}},"branchMap":{"0":{"loc":{"start":{"line":22,"column":15},"end":{"line":22,"column":72}},"type":"binary-expr","locations":[{"start":{"line":22,"column":15},"end":{"line":22,"column":29}},{"start":{"line":22,"column":33},"end":{"line":22,"column":72}}],"line":22}},"s":{"0":1,"1":0,"2":0,"3":1,"4":0,"5":0},"f":{"0":0,"1":0,"2":0,"3":0},"b":{"0":[0,0]},"_coverageSchema":"1a1c01bbd47fc00a2c39e90264f33305004495a9","hash":"ab4db6434986ad4d4aa3f8205bae444e173fb7da"}
,"/Users/deanma/FEC/imageCarousel/client/src/elements/MinImageHeader/blurryDiv.js": {"path":"/Users/deanma/FEC/imageCarousel/client/src/elements/MinImageHeader/blurryDiv.js","statementMap":{"0":{"start":{"line":3,"column":18},"end":{"line":12,"column":1}}},"fnMap":{},"branchMap":{},"s":{"0":1},"f":{},"b":{},"_coverageSchema":"1a1c01bbd47fc00a2c39e90264f33305004495a9","hash":"3d8f5222d0b195a296ed8b8227be236205c6b98d"}
,"/Users/deanma/FEC/imageCarousel/client/src/elements/MinImageHeader/blurryImageDiv.js": {"path":"/Users/deanma/FEC/imageCarousel/client/src/elements/MinImageHeader/blurryImageDiv.js","statementMap":{"0":{"start":{"line":3,"column":21},"end":{"line":3,"column":104}},"1":{"start":{"line":3,"column":29},"end":{"line":3,"column":104}},"2":{"start":{"line":5,"column":23},"end":{"line":15,"column":1}},"3":{"start":{"line":8,"column":34},"end":{"line":8,"column":50}}},"fnMap":{"0":{"name":"(anonymous_0)","decl":{"start":{"line":3,"column":21},"end":{"line":3,"column":22}},"loc":{"start":{"line":3,"column":29},"end":{"line":3,"column":104}},"line":3},"1":{"name":"(anonymous_1)","decl":{"start":{"line":8,"column":22},"end":{"line":8,"column":23}},"loc":{"start":{"line":8,"column":34},"end":{"line":8,"column":50}},"line":8}},"branchMap":{},"s":{"0":1,"1":0,"2":1,"3":0},"f":{"0":0,"1":0},"b":{},"_coverageSchema":"1a1c01bbd47fc00a2c39e90264f33305004495a9","hash":"035f76b24d4fb769d3d065f06116962c8fd2dccb"}
,"/Users/deanma/FEC/imageCarousel/client/src/elements/MinImageHeader/dotsContainerDiv.js": {"path":"/Users/deanma/FEC/imageCarousel/client/src/elements/MinImageHeader/dotsContainerDiv.js","statementMap":{"0":{"start":{"line":3,"column":25},"end":{"line":13,"column":1}}},"fnMap":{},"branchMap":{},"s":{"0":1},"f":{},"b":{},"_coverageSchema":"1a1c01bbd47fc00a2c39e90264f33305004495a9","hash":"abbeade41687c630a2e6b15481cc94903a59af41"}
,"/Users/deanma/FEC/imageCarousel/client/src/elements/MinImageHeader/dotsDiv.js": {"path":"/Users/deanma/FEC/imageCarousel/client/src/elements/MinImageHeader/dotsDiv.js","statementMap":{"0":{"start":{"line":3,"column":16},"end":{"line":24,"column":1}},"1":{"start":{"line":9,"column":28},"end":{"line":9,"column":33}},"2":{"start":{"line":10,"column":32},"end":{"line":10,"column":39}}},"fnMap":{"0":{"name":"(anonymous_0)","decl":{"start":{"line":9,"column":13},"end":{"line":9,"column":14}},"loc":{"start":{"line":9,"column":28},"end":{"line":9,"column":33}},"line":9},"1":{"name":"(anonymous_1)","decl":{"start":{"line":10,"column":15},"end":{"line":10,"column":16}},"loc":{"start":{"line":10,"column":32},"end":{"line":10,"column":39}},"line":10}},"branchMap":{},"s":{"0":1,"1":0,"2":0},"f":{"0":0,"1":0},"b":{},"_coverageSchema":"1a1c01bbd47fc00a2c39e90264f33305004495a9","hash":"94d8d6c7e6352f202880effe10511e434c795e69"}
,"/Users/deanma/FEC/imageCarousel/client/src/elements/MinImageHeader/dotsInnerContainerDiv.js": {"path":"/Users/deanma/FEC/imageCarousel/client/src/elements/MinImageHeader/dotsInnerContainerDiv.js","statementMap":{"0":{"start":{"line":3,"column":30},"end":{"line":8,"column":1}}},"fnMap":{},"branchMap":{},"s":{"0":1},"f":{},"b":{},"_coverageSchema":"1a1c01bbd47fc00a2c39e90264f33305004495a9","hash":"591ff79c4b53ea836df5fdfe626f591f1fe4ba1e"}
,"/Users/deanma/FEC/imageCarousel/client/src/elements/MinImageHeader/imageContainerDiv.js": {"path":"/Users/deanma/FEC/imageCarousel/client/src/elements/MinImageHeader/imageContainerDiv.js","statementMap":{"0":{"start":{"line":3,"column":26},"end":{"line":11,"column":1}}},"fnMap":{},"branchMap":{},"s":{"0":1},"f":{},"b":{},"_coverageSchema":"1a1c01bbd47fc00a2c39e90264f33305004495a9","hash":"d6b5fd333f6543884823c53b4c485620cc0c0950"}
}
