{"/Users/deanma/FEC/imageCarousel/client/src/index.jsx": {"path":"/Users/deanma/FEC/imageCarousel/client/src/index.jsx","statementMap":{"0":{"start":{"line":5,"column":18},"end":{"line":5,"column":22}},"1":{"start":{"line":6,"column":12},"end":{"line":6,"column":56}},"2":{"start":{"line":8,"column":0},"end":{"line":8,"column":67}}},"fnMap":{},"branchMap":{},"s":{"0":0,"1":0,"2":0},"f":{},"b":{}}
,"/Users/deanma/FEC/imageCarousel/client/src/components/App.jsx": {"path":"/Users/deanma/FEC/imageCarousel/client/src/components/App.jsx","statementMap":{"0":{"start":{"line":7,"column":12},"end":{"line":96,"column":1}},"1":{"start":{"line":8,"column":44},"end":{"line":8,"column":58}},"2":{"start":{"line":9,"column":38},"end":{"line":12,"column":4}},"3":{"start":{"line":13,"column":40},"end":{"line":13,"column":55}},"4":{"start":{"line":14,"column":42},"end":{"line":14,"column":53}},"5":{"start":{"line":16,"column":30},"end":{"line":18,"column":3}},"6":{"start":{"line":17,"column":4},"end":{"line":17,"column":35}},"7":{"start":{"line":20,"column":24},"end":{"line":25,"column":3}},"8":{"start":{"line":21,"column":4},"end":{"line":24,"column":7}},"9":{"start":{"line":27,"column":28},"end":{"line":29,"column":3}},"10":{"start":{"line":28,"column":4},"end":{"line":28,"column":25}},"11":{"start":{"line":31,"column":2},"end":{"line":35,"column":5}},"12":{"start":{"line":32,"column":4},"end":{"line":32,"column":53}},"13":{"start":{"line":34,"column":4},"end":{"line":34,"column":69}},"14":{"start":{"line":34,"column":17},"end":{"line":34,"column":68}},"15":{"start":{"line":38,"column":20},"end":{"line":48,"column":3}},"16":{"start":{"line":41,"column":4},"end":{"line":47,"column":9}},"17":{"start":{"line":43,"column":8},"end":{"line":43,"column":34}},"18":{"start":{"line":46,"column":8},"end":{"line":46,"column":27}},"19":{"start":{"line":51,"column":2},"end":{"line":53,"column":9}},"20":{"start":{"line":52,"column":4},"end":{"line":52,"column":16}},"21":{"start":{"line":55,"column":2},"end":{"line":55,"column":29}},"22":{"start":{"line":57,"column":16},"end":{"line":57,"column":33}},"23":{"start":{"line":58,"column":2},"end":{"line":71,"column":3}},"24":{"start":{"line":60,"column":4},"end":{"line":70,"column":6}},"25":{"start":{"line":72,"column":2},"end":{"line":82,"column":3}},"26":{"start":{"line":74,"column":4},"end":{"line":81,"column":6}},"27":{"start":{"line":83,"column":2},"end":{"line":93,"column":3}},"28":{"start":{"line":84,"column":4},"end":{"line":92,"column":6}},"29":{"start":{"line":95,"column":2},"end":{"line":95,"column":17}}},"fnMap":{"0":{"name":"(anonymous_0)","decl":{"start":{"line":7,"column":12},"end":{"line":7,"column":13}},"loc":{"start":{"line":7,"column":23},"end":{"line":96,"column":1}},"line":7},"1":{"name":"(anonymous_1)","decl":{"start":{"line":16,"column":30},"end":{"line":16,"column":31}},"loc":{"start":{"line":16,"column":37},"end":{"line":18,"column":3}},"line":16},"2":{"name":"(anonymous_2)","decl":{"start":{"line":20,"column":24},"end":{"line":20,"column":25}},"loc":{"start":{"line":20,"column":30},"end":{"line":25,"column":3}},"line":20},"3":{"name":"(anonymous_3)","decl":{"start":{"line":27,"column":28},"end":{"line":27,"column":29}},"loc":{"start":{"line":27,"column":38},"end":{"line":29,"column":3}},"line":27},"4":{"name":"(anonymous_4)","decl":{"start":{"line":31,"column":12},"end":{"line":31,"column":13}},"loc":{"start":{"line":31,"column":18},"end":{"line":35,"column":3}},"line":31},"5":{"name":"(anonymous_5)","decl":{"start":{"line":34,"column":11},"end":{"line":34,"column":12}},"loc":{"start":{"line":34,"column":17},"end":{"line":34,"column":68}},"line":34},"6":{"name":"(anonymous_6)","decl":{"start":{"line":38,"column":20},"end":{"line":38,"column":21}},"loc":{"start":{"line":38,"column":26},"end":{"line":48,"column":3}},"line":38},"7":{"name":"(anonymous_7)","decl":{"start":{"line":42,"column":12},"end":{"line":42,"column":13}},"loc":{"start":{"line":42,"column":26},"end":{"line":44,"column":7}},"line":42},"8":{"name":"(anonymous_8)","decl":{"start":{"line":45,"column":13},"end":{"line":45,"column":14}},"loc":{"start":{"line":45,"column":24},"end":{"line":47,"column":7}},"line":45},"9":{"name":"(anonymous_9)","decl":{"start":{"line":51,"column":12},"end":{"line":51,"column":13}},"loc":{"start":{"line":51,"column":18},"end":{"line":53,"column":3}},"line":51}},"branchMap":{"0":{"loc":{"start":{"line":58,"column":2},"end":{"line":71,"column":3}},"type":"if","locations":[{"start":{"line":58,"column":2},"end":{"line":71,"column":3}},{"start":{"line":58,"column":2},"end":{"line":71,"column":3}}],"line":58},"1":{"loc":{"start":{"line":58,"column":6},"end":{"line":59,"column":51}},"type":"binary-expr","locations":[{"start":{"line":58,"column":6},"end":{"line":58,"column":18}},{"start":{"line":58,"column":22},"end":{"line":58,"column":35}},{"start":{"line":59,"column":7},"end":{"line":59,"column":51}}],"line":58},"2":{"loc":{"start":{"line":72,"column":2},"end":{"line":82,"column":3}},"type":"if","locations":[{"start":{"line":72,"column":2},"end":{"line":82,"column":3}},{"start":{"line":72,"column":2},"end":{"line":82,"column":3}}],"line":72},"3":{"loc":{"start":{"line":72,"column":6},"end":{"line":73,"column":52}},"type":"binary-expr","locations":[{"start":{"line":72,"column":6},"end":{"line":72,"column":18}},{"start":{"line":72,"column":22},"end":{"line":72,"column":35}},{"start":{"line":73,"column":7},"end":{"line":73,"column":52}}],"line":72},"4":{"loc":{"start":{"line":83,"column":2},"end":{"line":93,"column":3}},"type":"if","locations":[{"start":{"line":83,"column":2},"end":{"line":93,"column":3}},{"start":{"line":83,"column":2},"end":{"line":93,"column":3}}],"line":83},"5":{"loc":{"start":{"line":83,"column":6},"end":{"line":83,"column":34}},"type":"binary-expr","locations":[{"start":{"line":83,"column":6},"end":{"line":83,"column":17}},{"start":{"line":83,"column":21},"end":{"line":83,"column":34}}],"line":83}},"s":{"0":1,"1":2,"2":2,"3":2,"4":2,"5":2,"6":0,"7":2,"8":0,"9":2,"10":0,"11":2,"12":2,"13":2,"14":2,"15":2,"16":1,"17":1,"18":0,"19":2,"20":1,"21":2,"22":2,"23":2,"24":0,"25":2,"26":0,"27":2,"28":0,"29":2},"f":{"0":2,"1":0,"2":0,"3":0,"4":2,"5":2,"6":1,"7":1,"8":0,"9":1},"b":{"0":[0,2],"1":[2,2,0],"2":[0,2],"3":[2,2,0],"4":[0,2],"5":[2,0]},"_coverageSchema":"1a1c01bbd47fc00a2c39e90264f33305004495a9","hash":"caf0dd35c886670c908d30c400f4161040daf480"}
,"/Users/deanma/FEC/imageCarousel/client/src/components/FiveImages.jsx": {"path":"/Users/deanma/FEC/imageCarousel/client/src/components/FiveImages.jsx","statementMap":{"0":{"start":{"line":9,"column":19},"end":{"line":94,"column":1}},"1":{"start":{"line":10,"column":42},"end":{"line":10,"column":56}},"2":{"start":{"line":12,"column":20},"end":{"line":12,"column":91}},"3":{"start":{"line":13,"column":23},"end":{"line":13,"column":122}},"4":{"start":{"line":14,"column":23},"end":{"line":14,"column":122}},"5":{"start":{"line":15,"column":23},"end":{"line":15,"column":122}},"6":{"start":{"line":16,"column":23},"end":{"line":16,"column":122}},"7":{"start":{"line":18,"column":28},"end":{"line":20,"column":3}},"8":{"start":{"line":19,"column":4},"end":{"line":19,"column":35}},"9":{"start":{"line":22,"column":27},"end":{"line":24,"column":3}},"10":{"start":{"line":23,"column":4},"end":{"line":23,"column":26}},"11":{"start":{"line":26,"column":25},"end":{"line":29,"column":3}},"12":{"start":{"line":27,"column":4},"end":{"line":27,"column":27}},"13":{"start":{"line":28,"column":4},"end":{"line":28,"column":28}},"14":{"start":{"line":31,"column":2},"end":{"line":93,"column":4}}},"fnMap":{"0":{"name":"(anonymous_0)","decl":{"start":{"line":9,"column":19},"end":{"line":9,"column":20}},"loc":{"start":{"line":9,"column":79},"end":{"line":94,"column":1}},"line":9},"1":{"name":"(anonymous_1)","decl":{"start":{"line":18,"column":28},"end":{"line":18,"column":29}},"loc":{"start":{"line":18,"column":35},"end":{"line":20,"column":3}},"line":18},"2":{"name":"(anonymous_2)","decl":{"start":{"line":22,"column":27},"end":{"line":22,"column":28}},"loc":{"start":{"line":22,"column":33},"end":{"line":24,"column":3}},"line":22},"3":{"name":"(anonymous_3)","decl":{"start":{"line":26,"column":25},"end":{"line":26,"column":26}},"loc":{"start":{"line":26,"column":32},"end":{"line":29,"column":3}},"line":26}},"branchMap":{},"s":{"0":2,"1":3,"2":3,"3":3,"4":3,"5":3,"6":3,"7":3,"8":0,"9":3,"10":0,"11":3,"12":5,"13":5,"14":3},"f":{"0":3,"1":0,"2":0,"3":5},"b":{},"_coverageSchema":"1a1c01bbd47fc00a2c39e90264f33305004495a9","hash":"dab431e4765b42768d398741d4a903a093f34455"}
,"/Users/deanma/FEC/imageCarousel/client/src/components/ImageHeader.jsx": {"path":"/Users/deanma/FEC/imageCarousel/client/src/components/ImageHeader.jsx","statementMap":{"0":{"start":{"line":8,"column":20},"end":{"line":29,"column":1}},"1":{"start":{"line":9,"column":2},"end":{"line":28,"column":4}}},"fnMap":{"0":{"name":"(anonymous_0)","decl":{"start":{"line":8,"column":20},"end":{"line":8,"column":21}},"loc":{"start":{"line":8,"column":92},"end":{"line":29,"column":1}},"line":8}},"branchMap":{},"s":{"0":1,"1":0},"f":{"0":0},"b":{},"_coverageSchema":"1a1c01bbd47fc00a2c39e90264f33305004495a9","hash":"264816102ea8d6af51b494c00a72775ae9403ab1"}
,"/Users/deanma/FEC/imageCarousel/client/src/components/MinImageHeader.jsx": {"path":"/Users/deanma/FEC/imageCarousel/client/src/components/MinImageHeader.jsx","statementMap":{"0":{"start":{"line":9,"column":23},"end":{"line":32,"column":1}},"1":{"start":{"line":12,"column":4},"end":{"line":28,"column":7}},"2":{"start":{"line":31,"column":2},"end":{"line":31,"column":17}}},"fnMap":{"0":{"name":"(anonymous_0)","decl":{"start":{"line":9,"column":23},"end":{"line":9,"column":24}},"loc":{"start":{"line":9,"column":43},"end":{"line":32,"column":1}},"line":9}},"branchMap":{},"s":{"0":2,"1":2,"2":2},"f":{"0":2},"b":{},"_coverageSchema":"1a1c01bbd47fc00a2c39e90264f33305004495a9","hash":"daa299cc9e1481c6ecb1f339256c739c59a0addd"}
,"/Users/deanma/FEC/imageCarousel/client/src/components/Modal.jsx": {"path":"/Users/deanma/FEC/imageCarousel/client/src/components/Modal.jsx","statementMap":{"0":{"start":{"line":7,"column":14},"end":{"line":66,"column":1}},"1":{"start":{"line":8,"column":42},"end":{"line":8,"column":56}},"2":{"start":{"line":9,"column":36},"end":{"line":9,"column":50}},"3":{"start":{"line":11,"column":22},"end":{"line":11,"column":73}},"4":{"start":{"line":11,"column":31},"end":{"line":11,"column":73}},"5":{"start":{"line":13,"column":27},"end":{"line":19,"column":3}},"6":{"start":{"line":14,"column":4},"end":{"line":18,"column":5}},"7":{"start":{"line":15,"column":6},"end":{"line":15,"column":44}},"8":{"start":{"line":17,"column":6},"end":{"line":17,"column":40}},"9":{"start":{"line":21,"column":28},"end":{"line":24,"column":3}},"10":{"start":{"line":22,"column":22},"end":{"line":22,"column":59}},"11":{"start":{"line":23,"column":4},"end":{"line":23,"column":31}},"12":{"start":{"line":26,"column":2},"end":{"line":34,"column":9}},"13":{"start":{"line":27,"column":4},"end":{"line":27,"column":48}},"14":{"start":{"line":29,"column":4},"end":{"line":33,"column":8}},"15":{"start":{"line":30,"column":21},"end":{"line":30,"column":29}},"16":{"start":{"line":31,"column":6},"end":{"line":31,"column":47}},"17":{"start":{"line":32,"column":6},"end":{"line":32,"column":20}},"18":{"start":{"line":36,"column":16},"end":{"line":36,"column":33}},"19":{"start":{"line":37,"column":2},"end":{"line":64,"column":3}},"20":{"start":{"line":38,"column":4},"end":{"line":63,"column":6}},"21":{"start":{"line":49,"column":63},"end":{"line":49,"column":93}},"22":{"start":{"line":65,"column":2},"end":{"line":65,"column":17}}},"fnMap":{"0":{"name":"(anonymous_0)","decl":{"start":{"line":7,"column":14},"end":{"line":7,"column":15}},"loc":{"start":{"line":7,"column":25},"end":{"line":66,"column":1}},"line":7},"1":{"name":"(anonymous_1)","decl":{"start":{"line":11,"column":22},"end":{"line":11,"column":23}},"loc":{"start":{"line":11,"column":31},"end":{"line":11,"column":73}},"line":11},"2":{"name":"(anonymous_2)","decl":{"start":{"line":13,"column":27},"end":{"line":13,"column":28}},"loc":{"start":{"line":13,"column":33},"end":{"line":19,"column":3}},"line":13},"3":{"name":"(anonymous_3)","decl":{"start":{"line":21,"column":28},"end":{"line":21,"column":29}},"loc":{"start":{"line":21,"column":34},"end":{"line":24,"column":3}},"line":21},"4":{"name":"(anonymous_4)","decl":{"start":{"line":26,"column":12},"end":{"line":26,"column":13}},"loc":{"start":{"line":26,"column":18},"end":{"line":34,"column":3}},"line":26},"5":{"name":"(anonymous_5)","decl":{"start":{"line":29,"column":53},"end":{"line":29,"column":54}},"loc":{"start":{"line":29,"column":67},"end":{"line":33,"column":5}},"line":29},"6":{"name":"(anonymous_6)","decl":{"start":{"line":49,"column":57},"end":{"line":49,"column":58}},"loc":{"start":{"line":49,"column":63},"end":{"line":49,"column":93}},"line":49}},"branchMap":{"0":{"loc":{"start":{"line":14,"column":4},"end":{"line":18,"column":5}},"type":"if","locations":[{"start":{"line":14,"column":4},"end":{"line":18,"column":5}},{"start":{"line":14,"column":4},"end":{"line":18,"column":5}}],"line":14},"1":{"loc":{"start":{"line":37,"column":2},"end":{"line":64,"column":3}},"type":"if","locations":[{"start":{"line":37,"column":2},"end":{"line":64,"column":3}},{"start":{"line":37,"column":2},"end":{"line":64,"column":3}}],"line":37}},"s":{"0":2,"1":4,"2":4,"3":4,"4":2,"5":4,"6":0,"7":0,"8":0,"9":4,"10":0,"11":0,"12":4,"13":2,"14":2,"15":2,"16":2,"17":2,"18":4,"19":4,"20":2,"21":1,"22":4},"f":{"0":4,"1":2,"2":0,"3":0,"4":2,"5":2,"6":1},"b":{"0":[0,0],"1":[2,2]},"_coverageSchema":"1a1c01bbd47fc00a2c39e90264f33305004495a9","hash":"00764282235e649c3106735f2f956e04f8a457e0"}
,"/Users/deanma/FEC/imageCarousel/client/src/components/ModalCarousel.jsx": {"path":"/Users/deanma/FEC/imageCarousel/client/src/components/ModalCarousel.jsx","statementMap":{"0":{"start":{"line":5,"column":22},"end":{"line":13,"column":1}},"1":{"start":{"line":7,"column":4},"end":{"line":10,"column":7}},"2":{"start":{"line":12,"column":2},"end":{"line":12,"column":17}}},"fnMap":{"0":{"name":"(anonymous_0)","decl":{"start":{"line":5,"column":22},"end":{"line":5,"column":23}},"loc":{"start":{"line":5,"column":33},"end":{"line":13,"column":1}},"line":5}},"branchMap":{},"s":{"0":2,"1":2,"2":2},"f":{"0":2},"b":{},"_coverageSchema":"1a1c01bbd47fc00a2c39e90264f33305004495a9","hash":"f14b31362f1daa28a255791c923e8f21a6d07036"}
,"/Users/deanma/FEC/imageCarousel/client/src/components/ModalImage.jsx": {"path":"/Users/deanma/FEC/imageCarousel/client/src/components/ModalImage.jsx","statementMap":{"0":{"start":{"line":7,"column":19},"end":{"line":41,"column":1}},"1":{"start":{"line":8,"column":2},"end":{"line":40,"column":5}}},"fnMap":{"0":{"name":"(anonymous_0)","decl":{"start":{"line":7,"column":19},"end":{"line":7,"column":20}},"loc":{"start":{"line":8,"column":2},"end":{"line":40,"column":5}},"line":8}},"branchMap":{},"s":{"0":2,"1":2},"f":{"0":2},"b":{},"_coverageSchema":"1a1c01bbd47fc00a2c39e90264f33305004495a9","hash":"63f324d6c36aee6efef838f7bd097fd5d9f0f0a6"}
,"/Users/deanma/FEC/imageCarousel/client/src/components/SaveButton.jsx": {"path":"/Users/deanma/FEC/imageCarousel/client/src/components/SaveButton.jsx","statementMap":{"0":{"start":{"line":7,"column":19},"end":{"line":34,"column":1}},"1":{"start":{"line":8,"column":2},"end":{"line":33,"column":27}}},"fnMap":{"0":{"name":"(anonymous_0)","decl":{"start":{"line":7,"column":19},"end":{"line":7,"column":20}},"loc":{"start":{"line":8,"column":2},"end":{"line":33,"column":27}},"line":8}},"branchMap":{},"s":{"0":1,"1":0},"f":{"0":0},"b":{},"_coverageSchema":"1a1c01bbd47fc00a2c39e90264f33305004495a9","hash":"ed885cc55039c0d411a3cd4542c143de2f99bcc0"}
,"/Users/deanma/FEC/imageCarousel/client/src/components/ShareButton.jsx": {"path":"/Users/deanma/FEC/imageCarousel/client/src/components/ShareButton.jsx","statementMap":{"0":{"start":{"line":7,"column":20},"end":{"line":39,"column":1}},"1":{"start":{"line":8,"column":2},"end":{"line":38,"column":28}}},"fnMap":{"0":{"name":"(anonymous_0)","decl":{"start":{"line":7,"column":20},"end":{"line":7,"column":21}},"loc":{"start":{"line":8,"column":2},"end":{"line":38,"column":28}},"line":8}},"branchMap":{},"s":{"0":1,"1":0},"f":{"0":0},"b":{},"_coverageSchema":"1a1c01bbd47fc00a2c39e90264f33305004495a9","hash":"4bd6d891960390f755ed2ff626f29fd1d8923eaa"}
,"/Users/deanma/FEC/imageCarousel/client/src/components/ViewPhotosButton.jsx": {"path":"/Users/deanma/FEC/imageCarousel/client/src/components/ViewPhotosButton.jsx","statementMap":{"0":{"start":{"line":6,"column":25},"end":{"line":15,"column":1}},"1":{"start":{"line":7,"column":2},"end":{"line":14,"column":27}},"2":{"start":{"line":10,"column":21},"end":{"line":10,"column":50}}},"fnMap":{"0":{"name":"(anonymous_0)","decl":{"start":{"line":6,"column":25},"end":{"line":6,"column":26}},"loc":{"start":{"line":7,"column":2},"end":{"line":14,"column":27}},"line":7},"1":{"name":"(anonymous_1)","decl":{"start":{"line":10,"column":15},"end":{"line":10,"column":16}},"loc":{"start":{"line":10,"column":21},"end":{"line":10,"column":50}},"line":10}},"branchMap":{},"s":{"0":2,"1":2,"2":1},"f":{"0":2,"1":1},"b":{},"_coverageSchema":"1a1c01bbd47fc00a2c39e90264f33305004495a9","hash":"e6634c0e0e9eccbebef5fbc43dee3685f55827e1"}
,"/Users/deanma/FEC/imageCarousel/client/src/elements/containerDiv.js": {"path":"/Users/deanma/FEC/imageCarousel/client/src/elements/containerDiv.js","statementMap":{"0":{"start":{"line":3,"column":21},"end":{"line":42,"column":1}},"1":{"start":{"line":4,"column":16},"end":{"line":4,"column":62}},"2":{"start":{"line":5,"column":16},"end":{"line":5,"column":77}},"3":{"start":{"line":6,"column":16},"end":{"line":6,"column":79}},"4":{"start":{"line":7,"column":16},"end":{"line":7,"column":67}},"5":{"start":{"line":8,"column":16},"end":{"line":8,"column":83}},"6":{"start":{"line":9,"column":16},"end":{"line":9,"column":79}},"7":{"start":{"line":10,"column":16},"end":{"line":10,"column":76}},"8":{"start":{"line":11,"column":16},"end":{"line":11,"column":70}},"9":{"start":{"line":12,"column":16},"end":{"line":12,"column":88}},"10":{"start":{"line":13,"column":16},"end":{"line":13,"column":76}},"11":{"start":{"line":16,"column":16},"end":{"line":16,"column":57}},"12":{"start":{"line":17,"column":16},"end":{"line":17,"column":63}},"13":{"start":{"line":18,"column":16},"end":{"line":18,"column":66}},"14":{"start":{"line":19,"column":16},"end":{"line":19,"column":60}},"15":{"start":{"line":22,"column":16},"end":{"line":22,"column":69}},"16":{"start":{"line":23,"column":16},"end":{"line":23,"column":81}},"17":{"start":{"line":24,"column":16},"end":{"line":24,"column":84}},"18":{"start":{"line":25,"column":16},"end":{"line":25,"column":78}},"19":{"start":{"line":26,"column":16},"end":{"line":26,"column":81}},"20":{"start":{"line":27,"column":16},"end":{"line":27,"column":85}},"21":{"start":{"line":30,"column":16},"end":{"line":30,"column":78}},"22":{"start":{"line":31,"column":16},"end":{"line":31,"column":67}},"23":{"start":{"line":32,"column":16},"end":{"line":32,"column":70}},"24":{"start":{"line":33,"column":16},"end":{"line":33,"column":76}},"25":{"start":{"line":34,"column":16},"end":{"line":34,"column":79}},"26":{"start":{"line":35,"column":16},"end":{"line":35,"column":66}},"27":{"start":{"line":36,"column":16},"end":{"line":36,"column":63}},"28":{"start":{"line":37,"column":16},"end":{"line":37,"column":75}},"29":{"start":{"line":41,"column":16},"end":{"line":41,"column":67}}},"fnMap":{"0":{"name":"(anonymous_0)","decl":{"start":{"line":4,"column":4},"end":{"line":4,"column":5}},"loc":{"start":{"line":4,"column":16},"end":{"line":4,"column":62}},"line":4},"1":{"name":"(anonymous_1)","decl":{"start":{"line":5,"column":4},"end":{"line":5,"column":5}},"loc":{"start":{"line":5,"column":16},"end":{"line":5,"column":77}},"line":5},"2":{"name":"(anonymous_2)","decl":{"start":{"line":6,"column":4},"end":{"line":6,"column":5}},"loc":{"start":{"line":6,"column":16},"end":{"line":6,"column":79}},"line":6},"3":{"name":"(anonymous_3)","decl":{"start":{"line":7,"column":4},"end":{"line":7,"column":5}},"loc":{"start":{"line":7,"column":16},"end":{"line":7,"column":67}},"line":7},"4":{"name":"(anonymous_4)","decl":{"start":{"line":8,"column":4},"end":{"line":8,"column":5}},"loc":{"start":{"line":8,"column":16},"end":{"line":8,"column":83}},"line":8},"5":{"name":"(anonymous_5)","decl":{"start":{"line":9,"column":4},"end":{"line":9,"column":5}},"loc":{"start":{"line":9,"column":16},"end":{"line":9,"column":79}},"line":9},"6":{"name":"(anonymous_6)","decl":{"start":{"line":10,"column":4},"end":{"line":10,"column":5}},"loc":{"start":{"line":10,"column":16},"end":{"line":10,"column":76}},"line":10},"7":{"name":"(anonymous_7)","decl":{"start":{"line":11,"column":4},"end":{"line":11,"column":5}},"loc":{"start":{"line":11,"column":16},"end":{"line":11,"column":70}},"line":11},"8":{"name":"(anonymous_8)","decl":{"start":{"line":12,"column":4},"end":{"line":12,"column":5}},"loc":{"start":{"line":12,"column":16},"end":{"line":12,"column":88}},"line":12},"9":{"name":"(anonymous_9)","decl":{"start":{"line":13,"column":4},"end":{"line":13,"column":5}},"loc":{"start":{"line":13,"column":16},"end":{"line":13,"column":76}},"line":13},"10":{"name":"(anonymous_10)","decl":{"start":{"line":16,"column":4},"end":{"line":16,"column":5}},"loc":{"start":{"line":16,"column":16},"end":{"line":16,"column":57}},"line":16},"11":{"name":"(anonymous_11)","decl":{"start":{"line":17,"column":4},"end":{"line":17,"column":5}},"loc":{"start":{"line":17,"column":16},"end":{"line":17,"column":63}},"line":17},"12":{"name":"(anonymous_12)","decl":{"start":{"line":18,"column":4},"end":{"line":18,"column":5}},"loc":{"start":{"line":18,"column":16},"end":{"line":18,"column":66}},"line":18},"13":{"name":"(anonymous_13)","decl":{"start":{"line":19,"column":4},"end":{"line":19,"column":5}},"loc":{"start":{"line":19,"column":16},"end":{"line":19,"column":60}},"line":19},"14":{"name":"(anonymous_14)","decl":{"start":{"line":22,"column":4},"end":{"line":22,"column":5}},"loc":{"start":{"line":22,"column":16},"end":{"line":22,"column":69}},"line":22},"15":{"name":"(anonymous_15)","decl":{"start":{"line":23,"column":4},"end":{"line":23,"column":5}},"loc":{"start":{"line":23,"column":16},"end":{"line":23,"column":81}},"line":23},"16":{"name":"(anonymous_16)","decl":{"start":{"line":24,"column":4},"end":{"line":24,"column":5}},"loc":{"start":{"line":24,"column":16},"end":{"line":24,"column":84}},"line":24},"17":{"name":"(anonymous_17)","decl":{"start":{"line":25,"column":4},"end":{"line":25,"column":5}},"loc":{"start":{"line":25,"column":16},"end":{"line":25,"column":78}},"line":25},"18":{"name":"(anonymous_18)","decl":{"start":{"line":26,"column":4},"end":{"line":26,"column":5}},"loc":{"start":{"line":26,"column":16},"end":{"line":26,"column":81}},"line":26},"19":{"name":"(anonymous_19)","decl":{"start":{"line":27,"column":4},"end":{"line":27,"column":5}},"loc":{"start":{"line":27,"column":16},"end":{"line":27,"column":85}},"line":27},"20":{"name":"(anonymous_20)","decl":{"start":{"line":30,"column":4},"end":{"line":30,"column":5}},"loc":{"start":{"line":30,"column":16},"end":{"line":30,"column":78}},"line":30},"21":{"name":"(anonymous_21)","decl":{"start":{"line":31,"column":4},"end":{"line":31,"column":5}},"loc":{"start":{"line":31,"column":16},"end":{"line":31,"column":67}},"line":31},"22":{"name":"(anonymous_22)","decl":{"start":{"line":32,"column":4},"end":{"line":32,"column":5}},"loc":{"start":{"line":32,"column":16},"end":{"line":32,"column":70}},"line":32},"23":{"name":"(anonymous_23)","decl":{"start":{"line":33,"column":4},"end":{"line":33,"column":5}},"loc":{"start":{"line":33,"column":16},"end":{"line":33,"column":76}},"line":33},"24":{"name":"(anonymous_24)","decl":{"start":{"line":34,"column":4},"end":{"line":34,"column":5}},"loc":{"start":{"line":34,"column":16},"end":{"line":34,"column":79}},"line":34},"25":{"name":"(anonymous_25)","decl":{"start":{"line":35,"column":4},"end":{"line":35,"column":5}},"loc":{"start":{"line":35,"column":16},"end":{"line":35,"column":66}},"line":35},"26":{"name":"(anonymous_26)","decl":{"start":{"line":36,"column":4},"end":{"line":36,"column":5}},"loc":{"start":{"line":36,"column":16},"end":{"line":36,"column":63}},"line":36},"27":{"name":"(anonymous_27)","decl":{"start":{"line":37,"column":4},"end":{"line":37,"column":5}},"loc":{"start":{"line":37,"column":16},"end":{"line":37,"column":75}},"line":37},"28":{"name":"(anonymous_28)","decl":{"start":{"line":41,"column":4},"end":{"line":41,"column":5}},"loc":{"start":{"line":41,"column":16},"end":{"line":41,"column":67}},"line":41}},"branchMap":{"0":{"loc":{"start":{"line":4,"column":16},"end":{"line":4,"column":62}},"type":"cond-expr","locations":[{"start":{"line":4,"column":28},"end":{"line":4,"column":55}},{"start":{"line":4,"column":58},"end":{"line":4,"column":62}}],"line":4},"1":{"loc":{"start":{"line":5,"column":16},"end":{"line":5,"column":77}},"type":"cond-expr","locations":[{"start":{"line":5,"column":35},"end":{"line":5,"column":70}},{"start":{"line":5,"column":73},"end":{"line":5,"column":77}}],"line":5},"2":{"loc":{"start":{"line":6,"column":16},"end":{"line":6,"column":79}},"type":"cond-expr","locations":[{"start":{"line":6,"column":36},"end":{"line":6,"column":72}},{"start":{"line":6,"column":75},"end":{"line":6,"column":79}}],"line":6},"3":{"loc":{"start":{"line":7,"column":16},"end":{"line":7,"column":67}},"type":"cond-expr","locations":[{"start":{"line":7,"column":32},"end":{"line":7,"column":60}},{"start":{"line":7,"column":63},"end":{"line":7,"column":67}}],"line":7},"4":{"loc":{"start":{"line":8,"column":16},"end":{"line":8,"column":83}},"type":"cond-expr","locations":[{"start":{"line":8,"column":40},"end":{"line":8,"column":76}},{"start":{"line":8,"column":79},"end":{"line":8,"column":83}}],"line":8},"5":{"loc":{"start":{"line":9,"column":16},"end":{"line":9,"column":79}},"type":"cond-expr","locations":[{"start":{"line":9,"column":36},"end":{"line":9,"column":72}},{"start":{"line":9,"column":75},"end":{"line":9,"column":79}}],"line":9},"6":{"loc":{"start":{"line":10,"column":16},"end":{"line":10,"column":76}},"type":"cond-expr","locations":[{"start":{"line":10,"column":35},"end":{"line":10,"column":69}},{"start":{"line":10,"column":72},"end":{"line":10,"column":76}}],"line":10},"7":{"loc":{"start":{"line":11,"column":16},"end":{"line":11,"column":70}},"type":"cond-expr","locations":[{"start":{"line":11,"column":33},"end":{"line":11,"column":63}},{"start":{"line":11,"column":66},"end":{"line":11,"column":70}}],"line":11},"8":{"loc":{"start":{"line":12,"column":16},"end":{"line":12,"column":88}},"type":"cond-expr","locations":[{"start":{"line":12,"column":39},"end":{"line":12,"column":81}},{"start":{"line":12,"column":84},"end":{"line":12,"column":88}}],"line":12},"9":{"loc":{"start":{"line":13,"column":16},"end":{"line":13,"column":76}},"type":"cond-expr","locations":[{"start":{"line":13,"column":35},"end":{"line":13,"column":69}},{"start":{"line":13,"column":72},"end":{"line":13,"column":76}}],"line":13},"10":{"loc":{"start":{"line":16,"column":16},"end":{"line":16,"column":57}},"type":"cond-expr","locations":[{"start":{"line":16,"column":28},"end":{"line":16,"column":50}},{"start":{"line":16,"column":53},"end":{"line":16,"column":57}}],"line":16},"11":{"loc":{"start":{"line":17,"column":16},"end":{"line":17,"column":63}},"type":"cond-expr","locations":[{"start":{"line":17,"column":30},"end":{"line":17,"column":56}},{"start":{"line":17,"column":59},"end":{"line":17,"column":63}}],"line":17},"12":{"loc":{"start":{"line":18,"column":16},"end":{"line":18,"column":66}},"type":"cond-expr","locations":[{"start":{"line":18,"column":31},"end":{"line":18,"column":59}},{"start":{"line":18,"column":62},"end":{"line":18,"column":66}}],"line":18},"13":{"loc":{"start":{"line":19,"column":16},"end":{"line":19,"column":60}},"type":"cond-expr","locations":[{"start":{"line":19,"column":29},"end":{"line":19,"column":53}},{"start":{"line":19,"column":56},"end":{"line":19,"column":60}}],"line":19},"14":{"loc":{"start":{"line":22,"column":16},"end":{"line":22,"column":69}},"type":"cond-expr","locations":[{"start":{"line":22,"column":32},"end":{"line":22,"column":62}},{"start":{"line":22,"column":65},"end":{"line":22,"column":69}}],"line":22},"15":{"loc":{"start":{"line":23,"column":16},"end":{"line":23,"column":81}},"type":"cond-expr","locations":[{"start":{"line":23,"column":36},"end":{"line":23,"column":74}},{"start":{"line":23,"column":77},"end":{"line":23,"column":81}}],"line":23},"16":{"loc":{"start":{"line":24,"column":16},"end":{"line":24,"column":84}},"type":"cond-expr","locations":[{"start":{"line":24,"column":37},"end":{"line":24,"column":77}},{"start":{"line":24,"column":80},"end":{"line":24,"column":84}}],"line":24},"17":{"loc":{"start":{"line":25,"column":16},"end":{"line":25,"column":78}},"type":"cond-expr","locations":[{"start":{"line":25,"column":35},"end":{"line":25,"column":71}},{"start":{"line":25,"column":74},"end":{"line":25,"column":78}}],"line":25},"18":{"loc":{"start":{"line":26,"column":16},"end":{"line":26,"column":81}},"type":"cond-expr","locations":[{"start":{"line":26,"column":36},"end":{"line":26,"column":74}},{"start":{"line":26,"column":77},"end":{"line":26,"column":81}}],"line":26},"19":{"loc":{"start":{"line":27,"column":16},"end":{"line":27,"column":85}},"type":"cond-expr","locations":[{"start":{"line":27,"column":38},"end":{"line":27,"column":78}},{"start":{"line":27,"column":81},"end":{"line":27,"column":85}}],"line":27},"20":{"loc":{"start":{"line":30,"column":16},"end":{"line":30,"column":78}},"type":"cond-expr","locations":[{"start":{"line":30,"column":35},"end":{"line":30,"column":71}},{"start":{"line":30,"column":74},"end":{"line":30,"column":78}}],"line":30},"21":{"loc":{"start":{"line":31,"column":16},"end":{"line":31,"column":67}},"type":"cond-expr","locations":[{"start":{"line":31,"column":32},"end":{"line":31,"column":60}},{"start":{"line":31,"column":63},"end":{"line":31,"column":67}}],"line":31},"22":{"loc":{"start":{"line":32,"column":16},"end":{"line":32,"column":70}},"type":"cond-expr","locations":[{"start":{"line":32,"column":33},"end":{"line":32,"column":63}},{"start":{"line":32,"column":66},"end":{"line":32,"column":70}}],"line":32},"23":{"loc":{"start":{"line":33,"column":16},"end":{"line":33,"column":76}},"type":"cond-expr","locations":[{"start":{"line":33,"column":37},"end":{"line":33,"column":69}},{"start":{"line":33,"column":72},"end":{"line":33,"column":76}}],"line":33},"24":{"loc":{"start":{"line":34,"column":16},"end":{"line":34,"column":79}},"type":"cond-expr","locations":[{"start":{"line":34,"column":38},"end":{"line":34,"column":72}},{"start":{"line":34,"column":75},"end":{"line":34,"column":79}}],"line":34},"25":{"loc":{"start":{"line":35,"column":16},"end":{"line":35,"column":66}},"type":"cond-expr","locations":[{"start":{"line":35,"column":31},"end":{"line":35,"column":59}},{"start":{"line":35,"column":62},"end":{"line":35,"column":66}}],"line":35},"26":{"loc":{"start":{"line":36,"column":16},"end":{"line":36,"column":63}},"type":"cond-expr","locations":[{"start":{"line":36,"column":30},"end":{"line":36,"column":56}},{"start":{"line":36,"column":59},"end":{"line":36,"column":63}}],"line":36},"27":{"loc":{"start":{"line":37,"column":16},"end":{"line":37,"column":75}},"type":"cond-expr","locations":[{"start":{"line":37,"column":34},"end":{"line":37,"column":68}},{"start":{"line":37,"column":71},"end":{"line":37,"column":75}}],"line":37},"28":{"loc":{"start":{"line":41,"column":16},"end":{"line":41,"column":67}},"type":"cond-expr","locations":[{"start":{"line":41,"column":32},"end":{"line":41,"column":60}},{"start":{"line":41,"column":63},"end":{"line":41,"column":67}}],"line":41}},"s":{"0":2,"1":12,"2":12,"3":12,"4":12,"5":12,"6":12,"7":12,"8":12,"9":12,"10":12,"11":12,"12":12,"13":12,"14":12,"15":12,"16":12,"17":12,"18":12,"19":12,"20":12,"21":12,"22":12,"23":12,"24":12,"25":12,"26":12,"27":12,"28":12,"29":12},"f":{"0":12,"1":12,"2":12,"3":12,"4":12,"5":12,"6":12,"7":12,"8":12,"9":12,"10":12,"11":12,"12":12,"13":12,"14":12,"15":12,"16":12,"17":12,"18":12,"19":12,"20":12,"21":12,"22":12,"23":12,"24":12,"25":12,"26":12,"27":12,"28":12},"b":{"0":[0,12],"1":[0,12],"2":[0,12],"3":[6,6],"4":[2,10],"5":[0,12],"6":[0,12],"7":[6,6],"8":[4,8],"9":[2,10],"10":[2,10],"11":[2,10],"12":[0,12],"13":[0,12],"14":[2,10],"15":[2,10],"16":[2,10],"17":[2,10],"18":[0,12],"19":[0,12],"20":[0,12],"21":[0,12],"22":[2,10],"23":[2,10],"24":[2,10],"25":[0,12],"26":[2,10],"27":[2,10],"28":[2,10]},"_coverageSchema":"1a1c01bbd47fc00a2c39e90264f33305004495a9","hash":"5f07a9370098cd14b1e15749a943696aa2dd25e8"}
,"/Users/deanma/FEC/imageCarousel/client/src/elements/fontDiv.js": {"path":"/Users/deanma/FEC/imageCarousel/client/src/elements/fontDiv.js","statementMap":{"0":{"start":{"line":3,"column":16},"end":{"line":7,"column":1}}},"fnMap":{},"branchMap":{},"s":{"0":2},"f":{},"b":{},"_coverageSchema":"1a1c01bbd47fc00a2c39e90264f33305004495a9","hash":"f6e2bd4338a01836892e4b35dc5bbeaf61f142cb"}
,"/Users/deanma/FEC/imageCarousel/client/src/elements/ImageHeader/bigImage.js": {"path":"/Users/deanma/FEC/imageCarousel/client/src/elements/ImageHeader/bigImage.js","statementMap":{"0":{"start":{"line":3,"column":20},"end":{"line":7,"column":1}},"1":{"start":{"line":4,"column":2},"end":{"line":6,"column":5}},"2":{"start":{"line":9,"column":17},"end":{"line":21,"column":1}},"3":{"start":{"line":19,"column":32},"end":{"line":19,"column":90}},"4":{"start":{"line":20,"column":32},"end":{"line":20,"column":109}}},"fnMap":{"0":{"name":"(anonymous_0)","decl":{"start":{"line":3,"column":20},"end":{"line":3,"column":21}},"loc":{"start":{"line":3,"column":29},"end":{"line":7,"column":1}},"line":3},"1":{"name":"(anonymous_1)","decl":{"start":{"line":19,"column":4},"end":{"line":19,"column":5}},"loc":{"start":{"line":19,"column":32},"end":{"line":19,"column":90}},"line":19},"2":{"name":"(anonymous_2)","decl":{"start":{"line":20,"column":4},"end":{"line":20,"column":5}},"loc":{"start":{"line":20,"column":32},"end":{"line":20,"column":109}},"line":20}},"branchMap":{"0":{"loc":{"start":{"line":19,"column":32},"end":{"line":19,"column":90}},"type":"cond-expr","locations":[{"start":{"line":19,"column":56},"end":{"line":19,"column":73}},{"start":{"line":19,"column":76},"end":{"line":19,"column":90}}],"line":19},"1":{"loc":{"start":{"line":20,"column":32},"end":{"line":20,"column":109}},"type":"cond-expr","locations":[{"start":{"line":20,"column":81},"end":{"line":20,"column":95}},{"start":{"line":20,"column":98},"end":{"line":20,"column":109}}],"line":20},"2":{"loc":{"start":{"line":20,"column":32},"end":{"line":20,"column":78}},"type":"binary-expr","locations":[{"start":{"line":20,"column":32},"end":{"line":20,"column":53}},{"start":{"line":20,"column":57},"end":{"line":20,"column":78}}],"line":20}},"s":{"0":2,"1":3,"2":2,"3":3,"4":3},"f":{"0":3,"1":3,"2":3},"b":{"0":[0,3],"1":[0,3],"2":[3,0]},"_coverageSchema":"1a1c01bbd47fc00a2c39e90264f33305004495a9","hash":"9870f40313c7a7159dd36504d07ab55cdf0dc637"}
,"/Users/deanma/FEC/imageCarousel/client/src/elements/ImageHeader/bigImageDiv.js": {"path":"/Users/deanma/FEC/imageCarousel/client/src/elements/ImageHeader/bigImageDiv.js","statementMap":{"0":{"start":{"line":3,"column":20},"end":{"line":13,"column":1}},"1":{"start":{"line":8,"column":21},"end":{"line":8,"column":31}}},"fnMap":{"0":{"name":"(anonymous_0)","decl":{"start":{"line":8,"column":10},"end":{"line":8,"column":11}},"loc":{"start":{"line":8,"column":21},"end":{"line":8,"column":31}},"line":8}},"branchMap":{},"s":{"0":2,"1":3},"f":{"0":3},"b":{},"_coverageSchema":"1a1c01bbd47fc00a2c39e90264f33305004495a9","hash":"a5c41681ef832df9297bed85dadf5ab8f2f8b448"}
,"/Users/deanma/FEC/imageCarousel/client/src/elements/ImageHeader/button.js": {"path":"/Users/deanma/FEC/imageCarousel/client/src/elements/ImageHeader/button.js","statementMap":{"0":{"start":{"line":3,"column":15},"end":{"line":28,"column":1}},"1":{"start":{"line":8,"column":22},"end":{"line":8,"column":33}}},"fnMap":{"0":{"name":"(anonymous_0)","decl":{"start":{"line":8,"column":11},"end":{"line":8,"column":12}},"loc":{"start":{"line":8,"column":22},"end":{"line":8,"column":33}},"line":8}},"branchMap":{},"s":{"0":2,"1":2},"f":{"0":2},"b":{},"_coverageSchema":"1a1c01bbd47fc00a2c39e90264f33305004495a9","hash":"c931b6e32b856e0cb7771e7053c7dc80d95beae5"}
,"/Users/deanma/FEC/imageCarousel/client/src/elements/ImageHeader/grid.js": {"path":"/Users/deanma/FEC/imageCarousel/client/src/elements/ImageHeader/grid.js","statementMap":{"0":{"start":{"line":3,"column":13},"end":{"line":11,"column":1}},"1":{"start":{"line":10,"column":27},"end":{"line":10,"column":54}}},"fnMap":{"0":{"name":"(anonymous_0)","decl":{"start":{"line":10,"column":12},"end":{"line":10,"column":13}},"loc":{"start":{"line":10,"column":27},"end":{"line":10,"column":54}},"line":10}},"branchMap":{},"s":{"0":2,"1":3},"f":{"0":3},"b":{},"_coverageSchema":"1a1c01bbd47fc00a2c39e90264f33305004495a9","hash":"b5cd7e9ec3f892d7956dd51471facaa792212b1e"}
,"/Users/deanma/FEC/imageCarousel/client/src/elements/ImageHeader/row.js": {"path":"/Users/deanma/FEC/imageCarousel/client/src/elements/ImageHeader/row.js","statementMap":{"0":{"start":{"line":3,"column":12},"end":{"line":16,"column":1}}},"fnMap":{},"branchMap":{},"s":{"0":2},"f":{},"b":{},"_coverageSchema":"1a1c01bbd47fc00a2c39e90264f33305004495a9","hash":"e62f32661041c502d37f0b2c4bbdecfd18726650"}
,"/Users/deanma/FEC/imageCarousel/client/src/elements/ImageHeader/saveButtonContainerDiv.js": {"path":"/Users/deanma/FEC/imageCarousel/client/src/elements/ImageHeader/saveButtonContainerDiv.js","statementMap":{"0":{"start":{"line":3,"column":31},"end":{"line":9,"column":1}}},"fnMap":{},"branchMap":{},"s":{"0":2},"f":{},"b":{},"_coverageSchema":"1a1c01bbd47fc00a2c39e90264f33305004495a9","hash":"bc0acaf10fd660d3c6e02adc8e04a02f6e5b6077"}
,"/Users/deanma/FEC/imageCarousel/client/src/elements/ImageHeader/shareButtonContainerDiv.js": {"path":"/Users/deanma/FEC/imageCarousel/client/src/elements/ImageHeader/shareButtonContainerDiv.js","statementMap":{"0":{"start":{"line":3,"column":31},"end":{"line":10,"column":1}}},"fnMap":{},"branchMap":{},"s":{"0":1},"f":{},"b":{},"_coverageSchema":"1a1c01bbd47fc00a2c39e90264f33305004495a9","hash":"14a7f476968d7b20c8622d05645f4a5123c71233"}
,"/Users/deanma/FEC/imageCarousel/client/src/elements/ImageHeader/smallImage.js": {"path":"/Users/deanma/FEC/imageCarousel/client/src/elements/ImageHeader/smallImage.js","statementMap":{"0":{"start":{"line":3,"column":22},"end":{"line":7,"column":1}},"1":{"start":{"line":4,"column":2},"end":{"line":6,"column":5}},"2":{"start":{"line":9,"column":19},"end":{"line":20,"column":1}},"3":{"start":{"line":18,"column":32},"end":{"line":18,"column":94}},"4":{"start":{"line":19,"column":32},"end":{"line":19,"column":109}}},"fnMap":{"0":{"name":"(anonymous_0)","decl":{"start":{"line":3,"column":22},"end":{"line":3,"column":23}},"loc":{"start":{"line":3,"column":31},"end":{"line":7,"column":1}},"line":3},"1":{"name":"(anonymous_1)","decl":{"start":{"line":18,"column":4},"end":{"line":18,"column":5}},"loc":{"start":{"line":18,"column":32},"end":{"line":18,"column":94}},"line":18},"2":{"name":"(anonymous_2)","decl":{"start":{"line":19,"column":4},"end":{"line":19,"column":5}},"loc":{"start":{"line":19,"column":32},"end":{"line":19,"column":109}},"line":19}},"branchMap":{"0":{"loc":{"start":{"line":18,"column":32},"end":{"line":18,"column":94}},"type":"cond-expr","locations":[{"start":{"line":18,"column":56},"end":{"line":18,"column":75}},{"start":{"line":18,"column":78},"end":{"line":18,"column":94}}],"line":18},"1":{"loc":{"start":{"line":19,"column":32},"end":{"line":19,"column":109}},"type":"cond-expr","locations":[{"start":{"line":19,"column":81},"end":{"line":19,"column":95}},{"start":{"line":19,"column":98},"end":{"line":19,"column":109}}],"line":19},"2":{"loc":{"start":{"line":19,"column":32},"end":{"line":19,"column":78}},"type":"binary-expr","locations":[{"start":{"line":19,"column":32},"end":{"line":19,"column":53}},{"start":{"line":19,"column":57},"end":{"line":19,"column":78}}],"line":19}},"s":{"0":2,"1":12,"2":2,"3":12,"4":12},"f":{"0":12,"1":12,"2":12},"b":{"0":[0,12],"1":[0,12],"2":[12,0]},"_coverageSchema":"1a1c01bbd47fc00a2c39e90264f33305004495a9","hash":"cc0f99da25598f73cfacaea094052d9bc18a3407"}
,"/Users/deanma/FEC/imageCarousel/client/src/elements/ImageHeader/smallImageDiv.js": {"path":"/Users/deanma/FEC/imageCarousel/client/src/elements/ImageHeader/smallImageDiv.js","statementMap":{"0":{"start":{"line":3,"column":14},"end":{"line":14,"column":1}},"1":{"start":{"line":4,"column":21},"end":{"line":8,"column":3}},"2":{"start":{"line":9,"column":22},"end":{"line":13,"column":3}},"3":{"start":{"line":16,"column":22},"end":{"line":25,"column":1}},"4":{"start":{"line":22,"column":15},"end":{"line":22,"column":72}},"5":{"start":{"line":23,"column":21},"end":{"line":23,"column":31}}},"fnMap":{"0":{"name":"(anonymous_0)","decl":{"start":{"line":4,"column":9},"end":{"line":4,"column":10}},"loc":{"start":{"line":4,"column":21},"end":{"line":8,"column":3}},"line":4},"1":{"name":"(anonymous_1)","decl":{"start":{"line":9,"column":10},"end":{"line":9,"column":11}},"loc":{"start":{"line":9,"column":22},"end":{"line":13,"column":3}},"line":9},"2":{"name":"(anonymous_2)","decl":{"start":{"line":22,"column":4},"end":{"line":22,"column":5}},"loc":{"start":{"line":22,"column":15},"end":{"line":22,"column":72}},"line":22},"3":{"name":"(anonymous_3)","decl":{"start":{"line":23,"column":10},"end":{"line":23,"column":11}},"loc":{"start":{"line":23,"column":21},"end":{"line":23,"column":31}},"line":23}},"branchMap":{"0":{"loc":{"start":{"line":22,"column":15},"end":{"line":22,"column":72}},"type":"binary-expr","locations":[{"start":{"line":22,"column":15},"end":{"line":22,"column":29}},{"start":{"line":22,"column":33},"end":{"line":22,"column":72}}],"line":22}},"s":{"0":2,"1":3,"2":3,"3":2,"4":6,"5":6},"f":{"0":3,"1":3,"2":6,"3":6},"b":{"0":[6,6]},"_coverageSchema":"1a1c01bbd47fc00a2c39e90264f33305004495a9","hash":"15fcfd47079b7ee378e919a5d6d642bf6d7c4e45"}
,"/Users/deanma/FEC/imageCarousel/client/src/elements/MinImageHeader/blurryDiv.js": {"path":"/Users/deanma/FEC/imageCarousel/client/src/elements/MinImageHeader/blurryDiv.js","statementMap":{"0":{"start":{"line":3,"column":18},"end":{"line":12,"column":1}}},"fnMap":{},"branchMap":{},"s":{"0":2},"f":{},"b":{},"_coverageSchema":"1a1c01bbd47fc00a2c39e90264f33305004495a9","hash":"3d8f5222d0b195a296ed8b8227be236205c6b98d"}
,"/Users/deanma/FEC/imageCarousel/client/src/elements/MinImageHeader/blurryImageDiv.js": {"path":"/Users/deanma/FEC/imageCarousel/client/src/elements/MinImageHeader/blurryImageDiv.js","statementMap":{"0":{"start":{"line":3,"column":21},"end":{"line":3,"column":104}},"1":{"start":{"line":3,"column":29},"end":{"line":3,"column":104}},"2":{"start":{"line":5,"column":23},"end":{"line":15,"column":1}},"3":{"start":{"line":8,"column":34},"end":{"line":8,"column":50}}},"fnMap":{"0":{"name":"(anonymous_0)","decl":{"start":{"line":3,"column":21},"end":{"line":3,"column":22}},"loc":{"start":{"line":3,"column":29},"end":{"line":3,"column":104}},"line":3},"1":{"name":"(anonymous_1)","decl":{"start":{"line":8,"column":22},"end":{"line":8,"column":23}},"loc":{"start":{"line":8,"column":34},"end":{"line":8,"column":50}},"line":8}},"branchMap":{},"s":{"0":2,"1":2,"2":2,"3":2},"f":{"0":2,"1":2},"b":{},"_coverageSchema":"1a1c01bbd47fc00a2c39e90264f33305004495a9","hash":"035f76b24d4fb769d3d065f06116962c8fd2dccb"}
,"/Users/deanma/FEC/imageCarousel/client/src/elements/MinImageHeader/dotsContainerDiv.js": {"path":"/Users/deanma/FEC/imageCarousel/client/src/elements/MinImageHeader/dotsContainerDiv.js","statementMap":{"0":{"start":{"line":3,"column":25},"end":{"line":13,"column":1}}},"fnMap":{},"branchMap":{},"s":{"0":2},"f":{},"b":{},"_coverageSchema":"1a1c01bbd47fc00a2c39e90264f33305004495a9","hash":"abbeade41687c630a2e6b15481cc94903a59af41"}
,"/Users/deanma/FEC/imageCarousel/client/src/elements/MinImageHeader/dotsDiv.js": {"path":"/Users/deanma/FEC/imageCarousel/client/src/elements/MinImageHeader/dotsDiv.js","statementMap":{"0":{"start":{"line":3,"column":16},"end":{"line":26,"column":1}},"1":{"start":{"line":10,"column":28},"end":{"line":10,"column":33}},"2":{"start":{"line":11,"column":32},"end":{"line":11,"column":39}},"3":{"start":{"line":12,"column":30},"end":{"line":12,"column":36}},"4":{"start":{"line":14,"column":38},"end":{"line":14,"column":43}},"5":{"start":{"line":19,"column":29},"end":{"line":19,"column":33}},"6":{"start":{"line":20,"column":30},"end":{"line":20,"column":34}},"7":{"start":{"line":23,"column":37},"end":{"line":23,"column":61}}},"fnMap":{"0":{"name":"(anonymous_0)","decl":{"start":{"line":10,"column":13},"end":{"line":10,"column":14}},"loc":{"start":{"line":10,"column":28},"end":{"line":10,"column":33}},"line":10},"1":{"name":"(anonymous_1)","decl":{"start":{"line":11,"column":15},"end":{"line":11,"column":16}},"loc":{"start":{"line":11,"column":32},"end":{"line":11,"column":39}},"line":11},"2":{"name":"(anonymous_2)","decl":{"start":{"line":12,"column":14},"end":{"line":12,"column":15}},"loc":{"start":{"line":12,"column":30},"end":{"line":12,"column":36}},"line":12},"3":{"name":"(anonymous_3)","decl":{"start":{"line":14,"column":23},"end":{"line":14,"column":24}},"loc":{"start":{"line":14,"column":38},"end":{"line":14,"column":43}},"line":14},"4":{"name":"(anonymous_4)","decl":{"start":{"line":19,"column":15},"end":{"line":19,"column":16}},"loc":{"start":{"line":19,"column":29},"end":{"line":19,"column":33}},"line":19},"5":{"name":"(anonymous_5)","decl":{"start":{"line":20,"column":16},"end":{"line":20,"column":17}},"loc":{"start":{"line":20,"column":30},"end":{"line":20,"column":34}},"line":20},"6":{"name":"(anonymous_6)","decl":{"start":{"line":23,"column":23},"end":{"line":23,"column":24}},"loc":{"start":{"line":23,"column":37},"end":{"line":23,"column":61}},"line":23}},"branchMap":{},"s":{"0":2,"1":12,"2":12,"3":12,"4":12,"5":12,"6":12,"7":12},"f":{"0":12,"1":12,"2":12,"3":12,"4":12,"5":12,"6":12},"b":{},"_coverageSchema":"1a1c01bbd47fc00a2c39e90264f33305004495a9","hash":"0f5890b857bc299e44ff9ee18ccb43d3218e8f3d"}
,"/Users/deanma/FEC/imageCarousel/client/src/elements/MinImageHeader/dotsInnerContainerDiv.js": {"path":"/Users/deanma/FEC/imageCarousel/client/src/elements/MinImageHeader/dotsInnerContainerDiv.js","statementMap":{"0":{"start":{"line":3,"column":30},"end":{"line":8,"column":1}}},"fnMap":{},"branchMap":{},"s":{"0":2},"f":{},"b":{},"_coverageSchema":"1a1c01bbd47fc00a2c39e90264f33305004495a9","hash":"591ff79c4b53ea836df5fdfe626f591f1fe4ba1e"}
,"/Users/deanma/FEC/imageCarousel/client/src/elements/MinImageHeader/imageContainerDiv.js": {"path":"/Users/deanma/FEC/imageCarousel/client/src/elements/MinImageHeader/imageContainerDiv.js","statementMap":{"0":{"start":{"line":3,"column":26},"end":{"line":11,"column":1}}},"fnMap":{},"branchMap":{},"s":{"0":2},"f":{},"b":{},"_coverageSchema":"1a1c01bbd47fc00a2c39e90264f33305004495a9","hash":"d6b5fd333f6543884823c53b4c485620cc0c0950"}
,"/Users/deanma/FEC/imageCarousel/client/src/elements/Modal/closeButton.js": {"path":"/Users/deanma/FEC/imageCarousel/client/src/elements/Modal/closeButton.js","statementMap":{"0":{"start":{"line":3,"column":20},"end":{"line":8,"column":1}}},"fnMap":{},"branchMap":{},"s":{"0":2},"f":{},"b":{},"_coverageSchema":"1a1c01bbd47fc00a2c39e90264f33305004495a9","hash":"b49b76d78354fdce97c151ff0fa8a3c33af1cdbd"}
,"/Users/deanma/FEC/imageCarousel/client/src/elements/Modal/leftButton.js": {"path":"/Users/deanma/FEC/imageCarousel/client/src/elements/Modal/leftButton.js","statementMap":{"0":{"start":{"line":3,"column":19},"end":{"line":16,"column":1}}},"fnMap":{},"branchMap":{},"s":{"0":2},"f":{},"b":{},"_coverageSchema":"1a1c01bbd47fc00a2c39e90264f33305004495a9","hash":"05c0afe1f96042a7a43581586b039fe4881be6c2"}
,"/Users/deanma/FEC/imageCarousel/client/src/elements/Modal/mainImage.js": {"path":"/Users/deanma/FEC/imageCarousel/client/src/elements/Modal/mainImage.js","statementMap":{"0":{"start":{"line":3,"column":18},"end":{"line":17,"column":1}}},"fnMap":{},"branchMap":{},"s":{"0":2},"f":{},"b":{},"_coverageSchema":"1a1c01bbd47fc00a2c39e90264f33305004495a9","hash":"4c487fbd562f8659c47d9c3326d802173b6a1b6c"}
,"/Users/deanma/FEC/imageCarousel/client/src/elements/Modal/rightButton.js": {"path":"/Users/deanma/FEC/imageCarousel/client/src/elements/Modal/rightButton.js","statementMap":{"0":{"start":{"line":3,"column":20},"end":{"line":16,"column":1}}},"fnMap":{},"branchMap":{},"s":{"0":2},"f":{},"b":{},"_coverageSchema":"1a1c01bbd47fc00a2c39e90264f33305004495a9","hash":"dd06413ad03cc93fe46141d6d81eaf55d29cd3cf"}
}
