TN:
SF:client/src/index.jsx
FNF:0
FNH:0
DA:5,0
DA:6,0
DA:8,0
LF:3
LH:0
BRF:0
BRH:0
end_of_record
TN:
SF:client/src/components/App.jsx
FN:7,(anonymous_0)
FN:16,(anonymous_1)
FN:20,(anonymous_2)
FN:27,(anonymous_3)
FN:31,(anonymous_4)
FN:34,(anonymous_5)
FN:38,(anonymous_6)
FN:42,(anonymous_7)
FN:45,(anonymous_8)
FN:51,(anonymous_9)
FNF:10
FNH:6
FNDA:2,(anonymous_0)
FNDA:0,(anonymous_1)
FNDA:0,(anonymous_2)
FNDA:0,(anonymous_3)
FNDA:2,(anonymous_4)
FNDA:2,(anonymous_5)
FNDA:1,(anonymous_6)
FNDA:1,(anonymous_7)
FNDA:0,(anonymous_8)
FNDA:1,(anonymous_9)
DA:7,1
DA:8,2
DA:9,2
DA:13,2
DA:14,2
DA:16,2
DA:17,0
DA:20,2
DA:21,0
DA:27,2
DA:28,0
DA:31,2
DA:32,2
DA:34,2
DA:38,2
DA:41,1
DA:43,1
DA:46,0
DA:51,2
DA:52,1
DA:55,2
DA:57,2
DA:58,2
DA:60,0
DA:72,2
DA:74,0
DA:83,2
DA:84,0
DA:95,2
LF:29
LH:22
BRDA:58,0,0,0
BRDA:58,0,1,2
BRDA:58,1,0,2
BRDA:58,1,1,2
BRDA:58,1,2,0
BRDA:72,2,0,0
BRDA:72,2,1,2
BRDA:72,3,0,2
BRDA:72,3,1,2
BRDA:72,3,2,0
BRDA:83,4,0,0
BRDA:83,4,1,2
BRDA:83,5,0,2
BRDA:83,5,1,0
BRF:14
BRH:8
end_of_record
TN:
SF:client/src/components/FiveImages.jsx
FN:9,(anonymous_0)
FN:18,(anonymous_1)
FN:22,(anonymous_2)
FN:26,(anonymous_3)
FNF:4
FNH:2
FNDA:3,(anonymous_0)
FNDA:0,(anonymous_1)
FNDA:0,(anonymous_2)
FNDA:5,(anonymous_3)
DA:9,2
DA:10,3
DA:12,3
DA:13,3
DA:14,3
DA:15,3
DA:16,3
DA:18,3
DA:19,0
DA:22,3
DA:23,0
DA:26,3
DA:27,5
DA:28,5
DA:31,3
LF:15
LH:13
BRF:0
BRH:0
end_of_record
TN:
SF:client/src/components/ImageHeader.jsx
FN:8,(anonymous_0)
FNF:1
FNH:0
FNDA:0,(anonymous_0)
DA:8,1
DA:9,0
LF:2
LH:1
BRF:0
BRH:0
end_of_record
TN:
SF:client/src/components/MinImageHeader.jsx
FN:9,(anonymous_0)
FNF:1
FNH:1
FNDA:2,(anonymous_0)
DA:9,2
DA:12,2
DA:31,2
LF:3
LH:3
BRF:0
BRH:0
end_of_record
TN:
SF:client/src/components/Modal.jsx
FN:7,(anonymous_0)
FN:11,(anonymous_1)
FN:13,(anonymous_2)
FN:21,(anonymous_3)
FN:26,(anonymous_4)
FN:29,(anonymous_5)
FN:49,(anonymous_6)
FNF:7
FNH:5
FNDA:4,(anonymous_0)
FNDA:2,(anonymous_1)
FNDA:0,(anonymous_2)
FNDA:0,(anonymous_3)
FNDA:2,(anonymous_4)
FNDA:2,(anonymous_5)
FNDA:1,(anonymous_6)
DA:7,2
DA:8,4
DA:9,4
DA:11,4
DA:13,4
DA:14,0
DA:15,0
DA:17,0
DA:21,4
DA:22,0
DA:23,0
DA:26,4
DA:27,2
DA:29,2
DA:30,2
DA:31,2
DA:32,2
DA:36,4
DA:37,4
DA:38,2
DA:49,1
DA:65,4
LF:22
LH:17
BRDA:14,0,0,0
BRDA:14,0,1,0
BRDA:37,1,0,2
BRDA:37,1,1,2
BRF:4
BRH:2
end_of_record
TN:
SF:client/src/components/ModalCarousel.jsx
FN:5,(anonymous_0)
FNF:1
FNH:1
FNDA:2,(anonymous_0)
DA:5,2
DA:7,2
DA:12,2
LF:3
LH:3
BRF:0
BRH:0
end_of_record
TN:
SF:client/src/components/ModalImage.jsx
FN:7,(anonymous_0)
FNF:1
FNH:1
FNDA:2,(anonymous_0)
DA:7,2
DA:8,2
LF:2
LH:2
BRF:0
BRH:0
end_of_record
TN:
SF:client/src/components/SaveButton.jsx
FN:7,(anonymous_0)
FNF:1
FNH:0
FNDA:0,(anonymous_0)
DA:7,1
DA:8,0
LF:2
LH:1
BRF:0
BRH:0
end_of_record
TN:
SF:client/src/components/ShareButton.jsx
FN:7,(anonymous_0)
FNF:1
FNH:0
FNDA:0,(anonymous_0)
DA:7,1
DA:8,0
LF:2
LH:1
BRF:0
BRH:0
end_of_record
TN:
SF:client/src/components/ViewPhotosButton.jsx
FN:6,(anonymous_0)
FN:10,(anonymous_1)
FNF:2
FNH:2
FNDA:2,(anonymous_0)
FNDA:1,(anonymous_1)
DA:6,2
DA:7,2
DA:10,1
LF:3
LH:3
BRF:0
BRH:0
end_of_record
TN:
SF:client/src/elements/containerDiv.js
FN:4,(anonymous_0)
FN:5,(anonymous_1)
FN:6,(anonymous_2)
FN:7,(anonymous_3)
FN:8,(anonymous_4)
FN:9,(anonymous_5)
FN:10,(anonymous_6)
FN:11,(anonymous_7)
FN:12,(anonymous_8)
FN:13,(anonymous_9)
FN:16,(anonymous_10)
FN:17,(anonymous_11)
FN:18,(anonymous_12)
FN:19,(anonymous_13)
FN:22,(anonymous_14)
FN:23,(anonymous_15)
FN:24,(anonymous_16)
FN:25,(anonymous_17)
FN:26,(anonymous_18)
FN:27,(anonymous_19)
FN:30,(anonymous_20)
FN:31,(anonymous_21)
FN:32,(anonymous_22)
FN:33,(anonymous_23)
FN:34,(anonymous_24)
FN:35,(anonymous_25)
FN:36,(anonymous_26)
FN:37,(anonymous_27)
FN:41,(anonymous_28)
FNF:29
FNH:29
FNDA:12,(anonymous_0)
FNDA:12,(anonymous_1)
FNDA:12,(anonymous_2)
FNDA:12,(anonymous_3)
FNDA:12,(anonymous_4)
FNDA:12,(anonymous_5)
FNDA:12,(anonymous_6)
FNDA:12,(anonymous_7)
FNDA:12,(anonymous_8)
FNDA:12,(anonymous_9)
FNDA:12,(anonymous_10)
FNDA:12,(anonymous_11)
FNDA:12,(anonymous_12)
FNDA:12,(anonymous_13)
FNDA:12,(anonymous_14)
FNDA:12,(anonymous_15)
FNDA:12,(anonymous_16)
FNDA:12,(anonymous_17)
FNDA:12,(anonymous_18)
FNDA:12,(anonymous_19)
FNDA:12,(anonymous_20)
FNDA:12,(anonymous_21)
FNDA:12,(anonymous_22)
FNDA:12,(anonymous_23)
FNDA:12,(anonymous_24)
FNDA:12,(anonymous_25)
FNDA:12,(anonymous_26)
FNDA:12,(anonymous_27)
FNDA:12,(anonymous_28)
DA:3,2
DA:4,12
DA:5,12
DA:6,12
DA:7,12
DA:8,12
DA:9,12
DA:10,12
DA:11,12
DA:12,12
DA:13,12
DA:16,12
DA:17,12
DA:18,12
DA:19,12
DA:22,12
DA:23,12
DA:24,12
DA:25,12
DA:26,12
DA:27,12
DA:30,12
DA:31,12
DA:32,12
DA:33,12
DA:34,12
DA:35,12
DA:36,12
DA:37,12
DA:41,12
LF:30
LH:30
BRDA:4,0,0,0
BRDA:4,0,1,12
BRDA:5,1,0,0
BRDA:5,1,1,12
BRDA:6,2,0,0
BRDA:6,2,1,12
BRDA:7,3,0,6
BRDA:7,3,1,6
BRDA:8,4,0,2
BRDA:8,4,1,10
BRDA:9,5,0,0
BRDA:9,5,1,12
BRDA:10,6,0,0
BRDA:10,6,1,12
BRDA:11,7,0,6
BRDA:11,7,1,6
BRDA:12,8,0,4
BRDA:12,8,1,8
BRDA:13,9,0,2
BRDA:13,9,1,10
BRDA:16,10,0,2
BRDA:16,10,1,10
BRDA:17,11,0,2
BRDA:17,11,1,10
BRDA:18,12,0,0
BRDA:18,12,1,12
BRDA:19,13,0,0
BRDA:19,13,1,12
BRDA:22,14,0,2
BRDA:22,14,1,10
BRDA:23,15,0,2
BRDA:23,15,1,10
BRDA:24,16,0,2
BRDA:24,16,1,10
BRDA:25,17,0,2
BRDA:25,17,1,10
BRDA:26,18,0,0
BRDA:26,18,1,12
BRDA:27,19,0,0
BRDA:27,19,1,12
BRDA:30,20,0,0
BRDA:30,20,1,12
BRDA:31,21,0,0
BRDA:31,21,1,12
BRDA:32,22,0,2
BRDA:32,22,1,10
BRDA:33,23,0,2
BRDA:33,23,1,10
BRDA:34,24,0,2
BRDA:34,24,1,10
BRDA:35,25,0,0
BRDA:35,25,1,12
BRDA:36,26,0,2
BRDA:36,26,1,10
BRDA:37,27,0,2
BRDA:37,27,1,10
BRDA:41,28,0,2
BRDA:41,28,1,10
BRF:58
BRH:46
end_of_record
TN:
SF:client/src/elements/fontDiv.js
FNF:0
FNH:0
DA:3,2
LF:1
LH:1
BRF:0
BRH:0
end_of_record
TN:
SF:client/src/elements/ImageHeader/bigImage.js
FN:3,(anonymous_0)
FN:19,(anonymous_1)
FN:20,(anonymous_2)
FNF:3
FNH:3
FNDA:3,(anonymous_0)
FNDA:3,(anonymous_1)
FNDA:3,(anonymous_2)
DA:3,2
DA:4,3
DA:9,2
DA:19,3
DA:20,3
LF:5
LH:5
BRDA:19,0,0,0
BRDA:19,0,1,3
BRDA:20,1,0,0
BRDA:20,1,1,3
BRDA:20,2,0,3
BRDA:20,2,1,0
BRF:6
BRH:3
end_of_record
TN:
SF:client/src/elements/ImageHeader/bigImageDiv.js
FN:8,(anonymous_0)
FNF:1
FNH:1
FNDA:3,(anonymous_0)
DA:3,2
DA:8,3
LF:2
LH:2
BRF:0
BRH:0
end_of_record
TN:
SF:client/src/elements/ImageHeader/button.js
FN:8,(anonymous_0)
FNF:1
FNH:1
FNDA:2,(anonymous_0)
DA:3,2
DA:8,2
LF:2
LH:2
BRF:0
BRH:0
end_of_record
TN:
SF:client/src/elements/ImageHeader/grid.js
FN:10,(anonymous_0)
FNF:1
FNH:1
FNDA:3,(anonymous_0)
DA:3,2
DA:10,3
LF:2
LH:2
BRF:0
BRH:0
end_of_record
TN:
SF:client/src/elements/ImageHeader/row.js
FNF:0
FNH:0
DA:3,2
LF:1
LH:1
BRF:0
BRH:0
end_of_record
TN:
SF:client/src/elements/ImageHeader/saveButtonContainerDiv.js
FNF:0
FNH:0
DA:3,2
LF:1
LH:1
BRF:0
BRH:0
end_of_record
TN:
SF:client/src/elements/ImageHeader/shareButtonContainerDiv.js
FNF:0
FNH:0
DA:3,1
LF:1
LH:1
BRF:0
BRH:0
end_of_record
TN:
SF:client/src/elements/ImageHeader/smallImage.js
FN:3,(anonymous_0)
FN:18,(anonymous_1)
FN:19,(anonymous_2)
FNF:3
FNH:3
FNDA:12,(anonymous_0)
FNDA:12,(anonymous_1)
FNDA:12,(anonymous_2)
DA:3,2
DA:4,12
DA:9,2
DA:18,12
DA:19,12
LF:5
LH:5
BRDA:18,0,0,0
BRDA:18,0,1,12
BRDA:19,1,0,0
BRDA:19,1,1,12
BRDA:19,2,0,12
BRDA:19,2,1,0
BRF:6
BRH:3
end_of_record
TN:
SF:client/src/elements/ImageHeader/smallImageDiv.js
FN:4,(anonymous_0)
FN:9,(anonymous_1)
FN:22,(anonymous_2)
FN:23,(anonymous_3)
FNF:4
FNH:4
FNDA:3,(anonymous_0)
FNDA:3,(anonymous_1)
FNDA:6,(anonymous_2)
FNDA:6,(anonymous_3)
DA:3,2
DA:4,3
DA:9,3
DA:16,2
DA:22,6
DA:23,6
LF:6
LH:6
BRDA:22,0,0,6
BRDA:22,0,1,6
BRF:2
BRH:2
end_of_record
TN:
SF:client/src/elements/MinImageHeader/blurryDiv.js
FNF:0
FNH:0
DA:3,2
LF:1
LH:1
BRF:0
BRH:0
end_of_record
TN:
SF:client/src/elements/MinImageHeader/blurryImageDiv.js
FN:3,(anonymous_0)
FN:8,(anonymous_1)
FNF:2
FNH:2
FNDA:2,(anonymous_0)
FNDA:2,(anonymous_1)
DA:3,2
DA:5,2
DA:8,2
LF:3
LH:3
BRF:0
BRH:0
end_of_record
TN:
SF:client/src/elements/MinImageHeader/dotsContainerDiv.js
FNF:0
FNH:0
DA:3,2
LF:1
LH:1
BRF:0
BRH:0
end_of_record
TN:
SF:client/src/elements/MinImageHeader/dotsDiv.js
FN:10,(anonymous_0)
FN:11,(anonymous_1)
FN:12,(anonymous_2)
FN:14,(anonymous_3)
FN:19,(anonymous_4)
FN:20,(anonymous_5)
FN:23,(anonymous_6)
FNF:7
FNH:7
FNDA:12,(anonymous_0)
FNDA:12,(anonymous_1)
FNDA:12,(anonymous_2)
FNDA:12,(anonymous_3)
FNDA:12,(anonymous_4)
FNDA:12,(anonymous_5)
FNDA:12,(anonymous_6)
DA:3,2
DA:10,12
DA:11,12
DA:12,12
DA:14,12
DA:19,12
DA:20,12
DA:23,12
LF:8
LH:8
BRF:0
BRH:0
end_of_record
TN:
SF:client/src/elements/MinImageHeader/dotsInnerContainerDiv.js
FNF:0
FNH:0
DA:3,2
LF:1
LH:1
BRF:0
BRH:0
end_of_record
TN:
SF:client/src/elements/MinImageHeader/imageContainerDiv.js
FNF:0
FNH:0
DA:3,2
LF:1
LH:1
BRF:0
BRH:0
end_of_record
TN:
SF:client/src/elements/Modal/closeButton.js
FNF:0
FNH:0
DA:3,2
LF:1
LH:1
BRF:0
BRH:0
end_of_record
TN:
SF:client/src/elements/Modal/leftButton.js
FNF:0
FNH:0
DA:3,2
LF:1
LH:1
BRF:0
BRH:0
end_of_record
TN:
SF:client/src/elements/Modal/mainImage.js
FNF:0
FNH:0
DA:3,2
LF:1
LH:1
BRF:0
BRH:0
end_of_record
TN:
SF:client/src/elements/Modal/rightButton.js
FNF:0
FNH:0
DA:3,2
LF:1
LH:1
BRF:0
BRH:0
end_of_record
